ARM GAS  C:\Users\Reza\AppData\Local\Temp\ccUQJinN.s 			page 1


   1              		.syntax unified
   2              		.cpu cortex-m3
   3              		.fpu softvfp
   4              		.eabi_attribute 20, 1
   5              		.eabi_attribute 21, 1
   6              		.eabi_attribute 23, 3
   7              		.eabi_attribute 24, 1
   8              		.eabi_attribute 25, 1
   9              		.eabi_attribute 26, 1
  10              		.eabi_attribute 30, 1
  11              		.eabi_attribute 34, 1
  12              		.eabi_attribute 18, 4
  13              		.thumb
  14              		.syntax unified
  15              		.file	"seven.c"
  16              		.text
  17              	.Ltext0:
  18              		.cfi_sections	.debug_frame
  19              		.section	.text.SEVEN_Set,"ax",%progbits
  20              		.align	2
  21              		.global	SEVEN_Set
  22              		.thumb
  23              		.thumb_func
  24              		.type	SEVEN_Set, %function
  25              	SEVEN_Set:
  26              	.LFB64:
  27              		.file 1 "Source\\bsw\\seven.c"
   1:Source\bsw/seven.c **** /**
   2:Source\bsw/seven.c **** * \file seven.c
   3:Source\bsw/seven.c **** * \author P. Fromm
   4:Source\bsw/seven.c **** * \date 28.8.17
   5:Source\bsw/seven.c **** *
   6:Source\bsw/seven.c **** * \brief Driver for 7 segment displays
   7:Source\bsw/seven.c **** *
   8:Source\bsw/seven.c **** * \copyright Copyright ©2016
   9:Source\bsw/seven.c **** * Department of electrical engineering and information technology, Hochschule Darmstadt - Universit
  10:Source\bsw/seven.c **** * Permission to use, copy, modify, and distribute this software and its documentation for education
  11:Source\bsw/seven.c **** * (unless permitted by h_da) and official h_da projects, is hereby granted for enrolled students of
  12:Source\bsw/seven.c **** * this paragraph and the following paragraph appear in all copies, modifications, and distributions
  13:Source\bsw/seven.c **** * Contact Prof.Dr.-Ing. Peter Fromm, peter.fromm@h-da.de, Birkenweg 8 64295 Darmstadt - GERMANY for
  14:Source\bsw/seven.c **** *
  15:Source\bsw/seven.c **** * \warning This software is a PROTOTYPE version and is not designed or intended for use in producti
  16:Source\bsw/seven.c **** * The user represents and warrants that it will NOT use or redistribute the Software for such purpo
  17:Source\bsw/seven.c **** * This prototype is for research purposes only. This software is provided "AS IS," without a warran
  18:Source\bsw/seven.c **** */
  19:Source\bsw/seven.c **** 
  20:Source\bsw/seven.c **** /*****************************************************************************/
  21:Source\bsw/seven.c **** /* Include files                                                             */
  22:Source\bsw/seven.c **** /*****************************************************************************/
  23:Source\bsw/seven.c **** #include "project.h"
  24:Source\bsw/seven.c **** #include "seven.h"
  25:Source\bsw/seven.c **** 
  26:Source\bsw/seven.c **** 
  27:Source\bsw/seven.c **** 
  28:Source\bsw/seven.c **** 
  29:Source\bsw/seven.c **** /*****************************************************************************/
  30:Source\bsw/seven.c **** /* Local pre-processor symbols/macros ('#define')                            */
ARM GAS  C:\Users\Reza\AppData\Local\Temp\ccUQJinN.s 			page 2


  31:Source\bsw/seven.c **** /*****************************************************************************/
  32:Source\bsw/seven.c **** 
  33:Source\bsw/seven.c **** #define SEVEN__A  0b10000000
  34:Source\bsw/seven.c **** #define SEVEN__B  0b01000000
  35:Source\bsw/seven.c **** #define SEVEN__C  0b00100000
  36:Source\bsw/seven.c **** #define SEVEN__D  0b00010000
  37:Source\bsw/seven.c **** #define SEVEN__E  0b00001000
  38:Source\bsw/seven.c **** #define SEVEN__F  0b00000100
  39:Source\bsw/seven.c **** #define SEVEN__G  0b00000010
  40:Source\bsw/seven.c **** #define SEVEN__DP 0b00000001
  41:Source\bsw/seven.c **** 
  42:Source\bsw/seven.c **** 
  43:Source\bsw/seven.c **** /*****************************************************************************/
  44:Source\bsw/seven.c **** /* Global variable definitions (declared in header file with 'extern')       */
  45:Source\bsw/seven.c **** /*****************************************************************************/
  46:Source\bsw/seven.c **** 
  47:Source\bsw/seven.c **** /*****************************************************************************/
  48:Source\bsw/seven.c **** /* Local type definitions ('typedef')                                        */
  49:Source\bsw/seven.c **** /*****************************************************************************/
  50:Source\bsw/seven.c **** 
  51:Source\bsw/seven.c **** /*****************************************************************************/
  52:Source\bsw/seven.c **** /* Local variable definitions ('static')                                     */
  53:Source\bsw/seven.c **** /*****************************************************************************/
  54:Source\bsw/seven.c **** 
  55:Source\bsw/seven.c **** //    ABCDEFG
  56:Source\bsw/seven.c **** const static uint8_t SEVEN__BitPattern[] = 
  57:Source\bsw/seven.c **** {
  58:Source\bsw/seven.c ****     0b11111100,     //0
  59:Source\bsw/seven.c ****     0b01100000,     //1
  60:Source\bsw/seven.c ****     0b11011010,     //2
  61:Source\bsw/seven.c ****     0b11110010,     //3
  62:Source\bsw/seven.c ****     0b01100110,     //4
  63:Source\bsw/seven.c ****     0b10110110,     //5
  64:Source\bsw/seven.c ****     0b10111110,     //6
  65:Source\bsw/seven.c ****     0b11100000,     //7
  66:Source\bsw/seven.c ****     0b11111110,     //8
  67:Source\bsw/seven.c ****     0b11110110,     //9
  68:Source\bsw/seven.c ****     0b11101110,     //a
  69:Source\bsw/seven.c ****     0b00111110,     //b
  70:Source\bsw/seven.c ****     0b10011100,     //c
  71:Source\bsw/seven.c ****     0b01111010,     //d
  72:Source\bsw/seven.c ****     0b10011110,     //e
  73:Source\bsw/seven.c ****     0b10001110,     //f
  74:Source\bsw/seven.c ****     0b00000001      //decimal point
  75:Source\bsw/seven.c **** };
  76:Source\bsw/seven.c ****     
  77:Source\bsw/seven.c **** //We need to store the last latch value per display
  78:Source\bsw/seven.c **** //-1 means empty
  79:Source\bsw/seven.c **** static sint8_t SEVEN__latch_value[2] = {-1,-1};
  80:Source\bsw/seven.c **** static uint8_t SEVEN__latch_pattern[2] = {0,0};
  81:Source\bsw/seven.c **** 
  82:Source\bsw/seven.c **** /*****************************************************************************/
  83:Source\bsw/seven.c **** /* Local function prototypes ('static')                                      */
  84:Source\bsw/seven.c **** /*****************************************************************************/
  85:Source\bsw/seven.c **** 
  86:Source\bsw/seven.c **** 
  87:Source\bsw/seven.c **** /*****************************************************************************/
ARM GAS  C:\Users\Reza\AppData\Local\Temp\ccUQJinN.s 			page 3


  88:Source\bsw/seven.c **** /* Function implementation - global ('extern') and local ('static')          */
  89:Source\bsw/seven.c **** /*****************************************************************************/
  90:Source\bsw/seven.c **** 
  91:Source\bsw/seven.c **** 
  92:Source\bsw/seven.c **** 
  93:Source\bsw/seven.c **** /**
  94:Source\bsw/seven.c ****  * Initilasation of the seven segment display
  95:Source\bsw/seven.c ****  * @return RC_SUCCESS if function was executed correctly, other value in case of error
  96:Source\bsw/seven.c ****  */
  97:Source\bsw/seven.c **** RC_t SEVEN_Init()
  98:Source\bsw/seven.c **** {
  99:Source\bsw/seven.c ****     
 100:Source\bsw/seven.c ****     SEVEN_Clear(SEVEN_0);
 101:Source\bsw/seven.c ****     SEVEN_Clear(SEVEN_1);
 102:Source\bsw/seven.c ****     
 103:Source\bsw/seven.c ****     return RC_SUCCESS;
 104:Source\bsw/seven.c **** }
 105:Source\bsw/seven.c **** 
 106:Source\bsw/seven.c **** 
 107:Source\bsw/seven.c **** /**
 108:Source\bsw/seven.c ****  * Sets value for one display
 109:Source\bsw/seven.c ****  * @param SEVEN_id_t sevenId - identifier for the segment to be set
 110:Source\bsw/seven.c ****  * @param uint8_t value - value to be set, valid range 0...15
 111:Source\bsw/seven.c ****  * @return RC_SUCCESS if function was executed correctly, other value in case of error
 112:Source\bsw/seven.c ****  */
 113:Source\bsw/seven.c **** RC_t SEVEN_Set(SEVEN_id_t sevenId, uint8_t value)
 114:Source\bsw/seven.c **** {
  28              		.loc 1 114 0
  29              		.cfi_startproc
  30              		@ args = 0, pretend = 0, frame = 0
  31              		@ frame_needed = 0, uses_anonymous_args = 0
  32              	.LVL0:
 115:Source\bsw/seven.c ****     if (value > 0x0F)
  33              		.loc 1 115 0
  34 0000 0F29     		cmp	r1, #15
  35 0002 0ED8     		bhi	.L3
 114:Source\bsw/seven.c ****     if (value > 0x0F)
  36              		.loc 1 114 0
  37 0004 38B5     		push	{r3, r4, r5, lr}
  38              		.cfi_def_cfa_offset 16
  39              		.cfi_offset 3, -16
  40              		.cfi_offset 4, -12
  41              		.cfi_offset 5, -8
  42              		.cfi_offset 14, -4
  43 0006 0C46     		mov	r4, r1
  44 0008 0546     		mov	r5, r0
 116:Source\bsw/seven.c ****     {
 117:Source\bsw/seven.c ****         return RC_ERROR_BAD_PARAM;
 118:Source\bsw/seven.c ****     }
 119:Source\bsw/seven.c ****     
 120:Source\bsw/seven.c ****     //Set the selection bit for the display
 121:Source\bsw/seven.c ****     SEVEN_SELECT_Write((uint8_t)sevenId);
  45              		.loc 1 121 0
  46 000a FFF7FEFF 		bl	SEVEN_SELECT_Write
  47              	.LVL1:
 122:Source\bsw/seven.c ****     
 123:Source\bsw/seven.c ****     //Set the bitpattern
ARM GAS  C:\Users\Reza\AppData\Local\Temp\ccUQJinN.s 			page 4


 124:Source\bsw/seven.c ****     //As we do not have a single port, we have to do it bit by bit
 125:Source\bsw/seven.c ****     
 126:Source\bsw/seven.c ****     uint8_t pattern = SEVEN__BitPattern[value];
  48              		.loc 1 126 0
  49 000e 064B     		ldr	r3, .L6
  50 0010 185D     		ldrb	r0, [r3, r4]	@ zero_extendqisi2
  51              	.LVL2:
 127:Source\bsw/seven.c ****     
 128:Source\bsw/seven.c ****     //Store the current pattern in the software latch (needed for the DP function)
 129:Source\bsw/seven.c ****     SEVEN__latch_value[(uint8_t)sevenId] = value;
  52              		.loc 1 129 0
  53 0012 064B     		ldr	r3, .L6+4
  54 0014 5C55     		strb	r4, [r3, r5]
 130:Source\bsw/seven.c ****     SEVEN__latch_pattern[(uint8_t)sevenId] = pattern;
  55              		.loc 1 130 0
  56 0016 064B     		ldr	r3, .L6+8
  57 0018 5855     		strb	r0, [r3, r5]
 131:Source\bsw/seven.c ****     
 132:Source\bsw/seven.c ****     SEVEN_reg_Write(pattern);
  58              		.loc 1 132 0
  59 001a FFF7FEFF 		bl	SEVEN_reg_Write
  60              	.LVL3:
 133:Source\bsw/seven.c ****     return RC_SUCCESS;
  61              		.loc 1 133 0
  62 001e 0020     		movs	r0, #0
  63 0020 38BD     		pop	{r3, r4, r5, pc}
  64              	.LVL4:
  65              	.L3:
  66              		.cfi_def_cfa_offset 0
  67              		.cfi_restore 3
  68              		.cfi_restore 4
  69              		.cfi_restore 5
  70              		.cfi_restore 14
 117:Source\bsw/seven.c ****     }
  71              		.loc 1 117 0
  72 0022 6FF01300 		mvn	r0, #19
  73              	.LVL5:
  74 0026 7047     		bx	lr
  75              	.L7:
  76              		.align	2
  77              	.L6:
  78 0028 00000000 		.word	.LANCHOR0
  79 002c 00000000 		.word	.LANCHOR1
  80 0030 00000000 		.word	.LANCHOR2
  81              		.cfi_endproc
  82              	.LFE64:
  83              		.size	SEVEN_Set, .-SEVEN_Set
  84              		.section	.text.SEVEN_Get,"ax",%progbits
  85              		.align	2
  86              		.global	SEVEN_Get
  87              		.thumb
  88              		.thumb_func
  89              		.type	SEVEN_Get, %function
  90              	SEVEN_Get:
  91              	.LFB65:
 134:Source\bsw/seven.c ****     
 135:Source\bsw/seven.c **** }
ARM GAS  C:\Users\Reza\AppData\Local\Temp\ccUQJinN.s 			page 5


 136:Source\bsw/seven.c **** 
 137:Source\bsw/seven.c **** /**
 138:Source\bsw/seven.c ****  * Get value for one display
 139:Source\bsw/seven.c ****  * @param SEVEN_id_t sevenId - identifier for the segment to be set
 140:Source\bsw/seven.c ****  * @param uint8_t value - current value, valid range 0...15
 141:Source\bsw/seven.c ****  * @return RC_SUCCESS if function was executed correctly, other value in case of error
 142:Source\bsw/seven.c ****  */
 143:Source\bsw/seven.c **** RC_t SEVEN_Get(SEVEN_id_t sevenId, sint8_t* value)
 144:Source\bsw/seven.c **** {
  92              		.loc 1 144 0
  93              		.cfi_startproc
  94              		@ args = 0, pretend = 0, frame = 0
  95              		@ frame_needed = 0, uses_anonymous_args = 0
  96              		@ link register save eliminated.
  97              	.LVL6:
 145:Source\bsw/seven.c ****     *value = SEVEN__latch_value[(uint8_t)sevenId];
  98              		.loc 1 145 0
  99 0000 024B     		ldr	r3, .L9
 100 0002 1B56     		ldrsb	r3, [r3, r0]
 101 0004 0B70     		strb	r3, [r1]
 146:Source\bsw/seven.c ****     return RC_SUCCESS;
 147:Source\bsw/seven.c **** }
 102              		.loc 1 147 0
 103 0006 0020     		movs	r0, #0
 104              	.LVL7:
 105 0008 7047     		bx	lr
 106              	.L10:
 107 000a 00BF     		.align	2
 108              	.L9:
 109 000c 00000000 		.word	.LANCHOR1
 110              		.cfi_endproc
 111              	.LFE65:
 112              		.size	SEVEN_Get, .-SEVEN_Get
 113              		.section	.text.SEVEN_SetHex,"ax",%progbits
 114              		.align	2
 115              		.global	SEVEN_SetHex
 116              		.thumb
 117              		.thumb_func
 118              		.type	SEVEN_SetHex, %function
 119              	SEVEN_SetHex:
 120              	.LFB66:
 148:Source\bsw/seven.c **** 
 149:Source\bsw/seven.c **** 
 150:Source\bsw/seven.c **** /**
 151:Source\bsw/seven.c ****  * Sets both displays
 152:Source\bsw/seven.c ****  * @param uint8_t value - value to be set, valid range 0...255
 153:Source\bsw/seven.c ****  * @return RC_SUCCESS if function was executed correctly, other value in case of error
 154:Source\bsw/seven.c ****  */
 155:Source\bsw/seven.c **** RC_t SEVEN_SetHex(uint8_t value)
 156:Source\bsw/seven.c **** {
 121              		.loc 1 156 0
 122              		.cfi_startproc
 123              		@ args = 0, pretend = 0, frame = 0
 124              		@ frame_needed = 0, uses_anonymous_args = 0
 125              	.LVL8:
 126 0000 10B5     		push	{r4, lr}
 127              		.cfi_def_cfa_offset 8
ARM GAS  C:\Users\Reza\AppData\Local\Temp\ccUQJinN.s 			page 6


 128              		.cfi_offset 4, -8
 129              		.cfi_offset 14, -4
 130 0002 0446     		mov	r4, r0
 157:Source\bsw/seven.c ****     SEVEN_Set(SEVEN_1, value / 16);
 131              		.loc 1 157 0
 132 0004 0109     		lsrs	r1, r0, #4
 133 0006 0120     		movs	r0, #1
 134              	.LVL9:
 135 0008 FFF7FEFF 		bl	SEVEN_Set
 136              	.LVL10:
 158:Source\bsw/seven.c ****     SEVEN_Set(SEVEN_0, value % 16);
 137              		.loc 1 158 0
 138 000c 04F00F01 		and	r1, r4, #15
 139 0010 0020     		movs	r0, #0
 140 0012 FFF7FEFF 		bl	SEVEN_Set
 141              	.LVL11:
 159:Source\bsw/seven.c ****     
 160:Source\bsw/seven.c ****     return RC_SUCCESS;
 161:Source\bsw/seven.c **** }
 142              		.loc 1 161 0
 143 0016 0020     		movs	r0, #0
 144 0018 10BD     		pop	{r4, pc}
 145              		.cfi_endproc
 146              	.LFE66:
 147              		.size	SEVEN_SetHex, .-SEVEN_SetHex
 148 001a 00BF     		.section	.text.SEVEN_SetDP,"ax",%progbits
 149              		.align	2
 150              		.global	SEVEN_SetDP
 151              		.thumb
 152              		.thumb_func
 153              		.type	SEVEN_SetDP, %function
 154              	SEVEN_SetDP:
 155              	.LFB67:
 162:Source\bsw/seven.c **** 
 163:Source\bsw/seven.c **** /**
 164:Source\bsw/seven.c ****  * Sets decimal point for one display
 165:Source\bsw/seven.c ****  * @param SEVEN_id_t sevenId - identifier for the segment to be set
 166:Source\bsw/seven.c ****  * @param uint8_t value - value to be set, valid range 0 (OFF)...1(ON)
 167:Source\bsw/seven.c ****  * @return RC_SUCCESS if function was executed correctly, other value in case of error
 168:Source\bsw/seven.c ****  */
 169:Source\bsw/seven.c **** RC_t SEVEN_SetDP(SEVEN_id_t sevenId, uint8_t value)
 170:Source\bsw/seven.c **** {
 156              		.loc 1 170 0
 157              		.cfi_startproc
 158              		@ args = 0, pretend = 0, frame = 0
 159              		@ frame_needed = 0, uses_anonymous_args = 0
 160              	.LVL12:
 171:Source\bsw/seven.c ****     
 172:Source\bsw/seven.c ****     if (value > 1)
 161              		.loc 1 172 0
 162 0000 0129     		cmp	r1, #1
 163 0002 14D8     		bhi	.L16
 170:Source\bsw/seven.c ****     
 164              		.loc 1 170 0
 165 0004 38B5     		push	{r3, r4, r5, lr}
 166              		.cfi_def_cfa_offset 16
 167              		.cfi_offset 3, -16
ARM GAS  C:\Users\Reza\AppData\Local\Temp\ccUQJinN.s 			page 7


 168              		.cfi_offset 4, -12
 169              		.cfi_offset 5, -8
 170              		.cfi_offset 14, -4
 171              	.LVL13:
 173:Source\bsw/seven.c ****     {
 174:Source\bsw/seven.c ****         return RC_ERROR_BAD_PARAM;
 175:Source\bsw/seven.c ****     }
 176:Source\bsw/seven.c ****     
 177:Source\bsw/seven.c ****     //Restore the last display pattern
 178:Source\bsw/seven.c ****     uint8_t pattern = 0;
 179:Source\bsw/seven.c ****     if (SEVEN__latch_value[(uint8_t)sevenId] != -1)
 172              		.loc 1 179 0
 173 0006 0B4B     		ldr	r3, .L20
 174 0008 1B56     		ldrsb	r3, [r3, r0]
 175 000a B3F1FF3F 		cmp	r3, #-1
 176 000e 02D0     		beq	.L17
 180:Source\bsw/seven.c ****     {
 181:Source\bsw/seven.c ****         pattern = SEVEN__latch_pattern[(uint8_t)sevenId];
 177              		.loc 1 181 0
 178 0010 094B     		ldr	r3, .L20+4
 179 0012 1D5C     		ldrb	r5, [r3, r0]	@ zero_extendqisi2
 180              	.LVL14:
 181 0014 00E0     		b	.L15
 182              	.LVL15:
 183              	.L17:
 178:Source\bsw/seven.c ****     if (SEVEN__latch_value[(uint8_t)sevenId] != -1)
 184              		.loc 1 178 0
 185 0016 0025     		movs	r5, #0
 186              	.LVL16:
 187              	.L15:
 188 0018 0C46     		mov	r4, r1
 189              	.LVL17:
 182:Source\bsw/seven.c ****     }
 183:Source\bsw/seven.c ****     
 184:Source\bsw/seven.c ****     //Set the selection bit for the display
 185:Source\bsw/seven.c ****     SEVEN_SELECT_Write((uint8_t)sevenId);
 190              		.loc 1 185 0
 191 001a FFF7FEFF 		bl	SEVEN_SELECT_Write
 192              	.LVL18:
 186:Source\bsw/seven.c ****     
 187:Source\bsw/seven.c ****     //Set the port to the pattern currently active
 188:Source\bsw/seven.c ****     SEVEN_reg_Write(pattern);
 193              		.loc 1 188 0
 194 001e 2846     		mov	r0, r5
 195 0020 FFF7FEFF 		bl	SEVEN_reg_Write
 196              	.LVL19:
 189:Source\bsw/seven.c ****     
 190:Source\bsw/seven.c ****     //Set the decimal point
 191:Source\bsw/seven.c ****     SEVEN_DP_Write(value);
 197              		.loc 1 191 0
 198 0024 2046     		mov	r0, r4
 199 0026 FFF7FEFF 		bl	SEVEN_DP_Write
 200              	.LVL20:
 192:Source\bsw/seven.c **** 
 193:Source\bsw/seven.c ****     return RC_SUCCESS;
 201              		.loc 1 193 0
 202 002a 0020     		movs	r0, #0
ARM GAS  C:\Users\Reza\AppData\Local\Temp\ccUQJinN.s 			page 8


 203 002c 38BD     		pop	{r3, r4, r5, pc}
 204              	.LVL21:
 205              	.L16:
 206              		.cfi_def_cfa_offset 0
 207              		.cfi_restore 3
 208              		.cfi_restore 4
 209              		.cfi_restore 5
 210              		.cfi_restore 14
 174:Source\bsw/seven.c ****     }
 211              		.loc 1 174 0
 212 002e 6FF01300 		mvn	r0, #19
 213              	.LVL22:
 214 0032 7047     		bx	lr
 215              	.L21:
 216              		.align	2
 217              	.L20:
 218 0034 00000000 		.word	.LANCHOR1
 219 0038 00000000 		.word	.LANCHOR2
 220              		.cfi_endproc
 221              	.LFE67:
 222              		.size	SEVEN_SetDP, .-SEVEN_SetDP
 223              		.section	.text.SEVEN_Clear,"ax",%progbits
 224              		.align	2
 225              		.global	SEVEN_Clear
 226              		.thumb
 227              		.thumb_func
 228              		.type	SEVEN_Clear, %function
 229              	SEVEN_Clear:
 230              	.LFB68:
 194:Source\bsw/seven.c **** }
 195:Source\bsw/seven.c **** 
 196:Source\bsw/seven.c **** /**
 197:Source\bsw/seven.c ****  * Clears one display
 198:Source\bsw/seven.c ****  * @param SEVEN_id_t sevenId - identifier for the segment to be set
 199:Source\bsw/seven.c ****  * @return RC_SUCCESS if function was executed correctly, other value in case of error
 200:Source\bsw/seven.c ****  */
 201:Source\bsw/seven.c **** RC_t SEVEN_Clear(SEVEN_id_t sevenId)
 202:Source\bsw/seven.c **** {
 231              		.loc 1 202 0
 232              		.cfi_startproc
 233              		@ args = 0, pretend = 0, frame = 0
 234              		@ frame_needed = 0, uses_anonymous_args = 0
 235              	.LVL23:
 236 0000 08B5     		push	{r3, lr}
 237              		.cfi_def_cfa_offset 8
 238              		.cfi_offset 3, -8
 239              		.cfi_offset 14, -4
 203:Source\bsw/seven.c ****     //Set software latch to cleared
 204:Source\bsw/seven.c ****     SEVEN__latch_value[(uint8_t)sevenId] = -1;
 240              		.loc 1 204 0
 241 0002 FF22     		movs	r2, #255
 242 0004 044B     		ldr	r3, .L24
 243 0006 1A54     		strb	r2, [r3, r0]
 205:Source\bsw/seven.c ****     
 206:Source\bsw/seven.c ****     //Set the selection bit for the display
 207:Source\bsw/seven.c ****     SEVEN_SELECT_Write((uint8_t)sevenId);
 244              		.loc 1 207 0
ARM GAS  C:\Users\Reza\AppData\Local\Temp\ccUQJinN.s 			page 9


 245 0008 FFF7FEFF 		bl	SEVEN_SELECT_Write
 246              	.LVL24:
 208:Source\bsw/seven.c ****     
 209:Source\bsw/seven.c ****     //Clear every bit
 210:Source\bsw/seven.c ****     SEVEN_reg_Write(0);
 247              		.loc 1 210 0
 248 000c 0020     		movs	r0, #0
 249 000e FFF7FEFF 		bl	SEVEN_reg_Write
 250              	.LVL25:
 211:Source\bsw/seven.c ****     
 212:Source\bsw/seven.c ****     return RC_SUCCESS;
 213:Source\bsw/seven.c **** }...
 251              		.loc 1 213 0
 252 0012 0020     		movs	r0, #0
 253 0014 08BD     		pop	{r3, pc}
 254              	.L25:
 255 0016 00BF     		.align	2
 256              	.L24:
 257 0018 00000000 		.word	.LANCHOR1
 258              		.cfi_endproc
 259              	.LFE68:
 260              		.size	SEVEN_Clear, .-SEVEN_Clear
 261              		.section	.text.SEVEN_Init,"ax",%progbits
 262              		.align	2
 263              		.global	SEVEN_Init
 264              		.thumb
 265              		.thumb_func
 266              		.type	SEVEN_Init, %function
 267              	SEVEN_Init:
 268              	.LFB63:
  98:Source\bsw/seven.c **** {
 269              		.loc 1 98 0
 270              		.cfi_startproc
 271              		@ args = 0, pretend = 0, frame = 0
 272              		@ frame_needed = 0, uses_anonymous_args = 0
 273 0000 08B5     		push	{r3, lr}
 274              		.cfi_def_cfa_offset 8
 275              		.cfi_offset 3, -8
 276              		.cfi_offset 14, -4
 100:Source\bsw/seven.c ****     SEVEN_Clear(SEVEN_0);
 277              		.loc 1 100 0
 278 0002 0020     		movs	r0, #0
 279 0004 FFF7FEFF 		bl	SEVEN_Clear
 280              	.LVL26:
 101:Source\bsw/seven.c ****     SEVEN_Clear(SEVEN_1);
 281              		.loc 1 101 0
 282 0008 0120     		movs	r0, #1
 283 000a FFF7FEFF 		bl	SEVEN_Clear
 284              	.LVL27:
 104:Source\bsw/seven.c **** }
 285              		.loc 1 104 0
 286 000e 0020     		movs	r0, #0
 287 0010 08BD     		pop	{r3, pc}
 288              		.cfi_endproc
 289              	.LFE63:
 290              		.size	SEVEN_Init, .-SEVEN_Init
 291 0012 00BF     		.section	.rodata
ARM GAS  C:\Users\Reza\AppData\Local\Temp\ccUQJinN.s 			page 10


 292              		.align	2
 293              		.set	.LANCHOR0,. + 0
 294              		.type	SEVEN__BitPattern, %object
 295              		.size	SEVEN__BitPattern, 17
 296              	SEVEN__BitPattern:
 297 0000 FC       		.byte	-4
 298 0001 60       		.byte	96
 299 0002 DA       		.byte	-38
 300 0003 F2       		.byte	-14
 301 0004 66       		.byte	102
 302 0005 B6       		.byte	-74
 303 0006 BE       		.byte	-66
 304 0007 E0       		.byte	-32
 305 0008 FE       		.byte	-2
 306 0009 F6       		.byte	-10
 307 000a EE       		.byte	-18
 308 000b 3E       		.byte	62
 309 000c 9C       		.byte	-100
 310 000d 7A       		.byte	122
 311 000e 9E       		.byte	-98
 312 000f 8E       		.byte	-114
 313 0010 01       		.byte	1
 314              		.data
 315              		.align	2
 316              		.set	.LANCHOR1,. + 0
 317              		.type	SEVEN__latch_value, %object
 318              		.size	SEVEN__latch_value, 2
 319              	SEVEN__latch_value:
 320 0000 FF       		.byte	-1
 321 0001 FF       		.byte	-1
 322              		.bss
 323              		.align	2
 324              		.set	.LANCHOR2,. + 0
 325              		.type	SEVEN__latch_pattern, %object
 326              		.size	SEVEN__latch_pattern, 2
 327              	SEVEN__latch_pattern:
 328 0000 0000     		.space	2
 329              		.text
 330              	.Letext0:
 331              		.file 2 "c:\\program files (x86)\\cypress\\psoc creator\\4.2\\psoc creator\\import\\gnu\\arm\\5.4.
 332              		.file 3 "c:\\program files (x86)\\cypress\\psoc creator\\4.2\\psoc creator\\import\\gnu\\arm\\5.4.
 333              		.file 4 "Source\\bsw\\global.h"
 334              		.file 5 "Source\\bsw\\seven.h"
 335              		.file 6 "Generated_Source\\PSoC5/SEVEN_SELECT.h"
 336              		.file 7 "Generated_Source\\PSoC5/SEVEN_reg.h"
 337              		.file 8 "Generated_Source\\PSoC5/SEVEN_DP.h"
 338              		.file 9 "Generated_Source\\PSoC5/core_cm3.h"
 339              		.section	.debug_info,"",%progbits
 340              	.Ldebug_info0:
 341 0000 32040000 		.4byte	0x432
 342 0004 0400     		.2byte	0x4
 343 0006 00000000 		.4byte	.Ldebug_abbrev0
 344 000a 04       		.byte	0x4
 345 000b 01       		.uleb128 0x1
 346 000c 48020000 		.4byte	.LASF62
 347 0010 0C       		.byte	0xc
 348 0011 7E000000 		.4byte	.LASF63
ARM GAS  C:\Users\Reza\AppData\Local\Temp\ccUQJinN.s 			page 11


 349 0015 45030000 		.4byte	.LASF64
 350 0019 00000000 		.4byte	.Ldebug_ranges0+0
 351 001d 00000000 		.4byte	0
 352 0021 00000000 		.4byte	.Ldebug_line0
 353 0025 02       		.uleb128 0x2
 354 0026 01       		.byte	0x1
 355 0027 06       		.byte	0x6
 356 0028 EF000000 		.4byte	.LASF0
 357 002c 03       		.uleb128 0x3
 358 002d 69010000 		.4byte	.LASF4
 359 0031 02       		.byte	0x2
 360 0032 1D       		.byte	0x1d
 361 0033 37000000 		.4byte	0x37
 362 0037 02       		.uleb128 0x2
 363 0038 01       		.byte	0x1
 364 0039 08       		.byte	0x8
 365 003a B8010000 		.4byte	.LASF1
 366 003e 02       		.uleb128 0x2
 367 003f 02       		.byte	0x2
 368 0040 05       		.byte	0x5
 369 0041 45000000 		.4byte	.LASF2
 370 0045 02       		.uleb128 0x2
 371 0046 02       		.byte	0x2
 372 0047 07       		.byte	0x7
 373 0048 35020000 		.4byte	.LASF3
 374 004c 03       		.uleb128 0x3
 375 004d D4030000 		.4byte	.LASF5
 376 0051 02       		.byte	0x2
 377 0052 3F       		.byte	0x3f
 378 0053 57000000 		.4byte	0x57
 379 0057 02       		.uleb128 0x2
 380 0058 04       		.byte	0x4
 381 0059 05       		.byte	0x5
 382 005a 40010000 		.4byte	.LASF6
 383 005e 02       		.uleb128 0x2
 384 005f 04       		.byte	0x4
 385 0060 07       		.byte	0x7
 386 0061 8F030000 		.4byte	.LASF7
 387 0065 02       		.uleb128 0x2
 388 0066 08       		.byte	0x8
 389 0067 05       		.byte	0x5
 390 0068 01010000 		.4byte	.LASF8
 391 006c 02       		.uleb128 0x2
 392 006d 08       		.byte	0x8
 393 006e 07       		.byte	0x7
 394 006f CE010000 		.4byte	.LASF9
 395 0073 04       		.uleb128 0x4
 396 0074 04       		.byte	0x4
 397 0075 05       		.byte	0x5
 398 0076 696E7400 		.ascii	"int\000"
 399 007a 02       		.uleb128 0x2
 400 007b 04       		.byte	0x4
 401 007c 07       		.byte	0x7
 402 007d E5010000 		.4byte	.LASF10
 403 0081 03       		.uleb128 0x3
 404 0082 C6000000 		.4byte	.LASF11
 405 0086 03       		.byte	0x3
ARM GAS  C:\Users\Reza\AppData\Local\Temp\ccUQJinN.s 			page 12


 406 0087 18       		.byte	0x18
 407 0088 2C000000 		.4byte	0x2c
 408 008c 03       		.uleb128 0x3
 409 008d 0C030000 		.4byte	.LASF12
 410 0091 03       		.byte	0x3
 411 0092 2C       		.byte	0x2c
 412 0093 4C000000 		.4byte	0x4c
 413 0097 02       		.uleb128 0x2
 414 0098 04       		.byte	0x4
 415 0099 04       		.byte	0x4
 416 009a FB000000 		.4byte	.LASF13
 417 009e 02       		.uleb128 0x2
 418 009f 08       		.byte	0x8
 419 00a0 04       		.byte	0x4
 420 00a1 A1030000 		.4byte	.LASF14
 421 00a5 02       		.uleb128 0x2
 422 00a6 01       		.byte	0x1
 423 00a7 08       		.byte	0x8
 424 00a8 E6020000 		.4byte	.LASF15
 425 00ac 02       		.uleb128 0x2
 426 00ad 08       		.byte	0x8
 427 00ae 04       		.byte	0x4
 428 00af AC010000 		.4byte	.LASF16
 429 00b3 02       		.uleb128 0x2
 430 00b4 04       		.byte	0x4
 431 00b5 07       		.byte	0x7
 432 00b6 75000000 		.4byte	.LASF17
 433 00ba 03       		.uleb128 0x3
 434 00bb A7000000 		.4byte	.LASF18
 435 00bf 04       		.byte	0x4
 436 00c0 76       		.byte	0x76
 437 00c1 25000000 		.4byte	0x25
 438 00c5 05       		.uleb128 0x5
 439 00c6 65524300 		.ascii	"eRC\000"
 440 00ca 01       		.byte	0x1
 441 00cb 25000000 		.4byte	0x25
 442 00cf 04       		.byte	0x4
 443 00d0 AC       		.byte	0xac
 444 00d1 6C010000 		.4byte	0x16c
 445 00d5 06       		.uleb128 0x6
 446 00d6 26000000 		.4byte	.LASF19
 447 00da 00       		.byte	0
 448 00db 07       		.uleb128 0x7
 449 00dc 1F040000 		.4byte	.LASF20
 450 00e0 7F       		.sleb128 -1
 451 00e1 07       		.uleb128 0x7
 452 00e2 12020000 		.4byte	.LASF21
 453 00e6 7E       		.sleb128 -2
 454 00e7 07       		.uleb128 0x7
 455 00e8 99000000 		.4byte	.LASF22
 456 00ec 7D       		.sleb128 -3
 457 00ed 07       		.uleb128 0x7
 458 00ee 28040000 		.4byte	.LASF23
 459 00f2 7C       		.sleb128 -4
 460 00f3 07       		.uleb128 0x7
 461 00f4 C5030000 		.4byte	.LASF24
 462 00f8 7B       		.sleb128 -5
ARM GAS  C:\Users\Reza\AppData\Local\Temp\ccUQJinN.s 			page 13


 463 00f9 07       		.uleb128 0x7
 464 00fa 4F000000 		.4byte	.LASF25
 465 00fe 7A       		.sleb128 -6
 466 00ff 07       		.uleb128 0x7
 467 0100 49010000 		.4byte	.LASF26
 468 0104 79       		.sleb128 -7
 469 0105 07       		.uleb128 0x7
 470 0106 F7020000 		.4byte	.LASF27
 471 010a 78       		.sleb128 -8
 472 010b 07       		.uleb128 0x7
 473 010c 38040000 		.4byte	.LASF28
 474 0110 77       		.sleb128 -9
 475 0111 07       		.uleb128 0x7
 476 0112 5B010000 		.4byte	.LASF29
 477 0116 76       		.sleb128 -10
 478 0117 07       		.uleb128 0x7
 479 0118 53040000 		.4byte	.LASF30
 480 011c 75       		.sleb128 -11
 481 011d 07       		.uleb128 0x7
 482 011e F2010000 		.4byte	.LASF31
 483 0122 74       		.sleb128 -12
 484 0123 07       		.uleb128 0x7
 485 0124 B3030000 		.4byte	.LASF32
 486 0128 73       		.sleb128 -13
 487 0129 07       		.uleb128 0x7
 488 012a 13000000 		.4byte	.LASF33
 489 012e 72       		.sleb128 -14
 490 012f 07       		.uleb128 0x7
 491 0130 31000000 		.4byte	.LASF34
 492 0134 71       		.sleb128 -15
 493 0135 07       		.uleb128 0x7
 494 0136 AF000000 		.4byte	.LASF35
 495 013a 70       		.sleb128 -16
 496 013b 07       		.uleb128 0x7
 497 013c 1E030000 		.4byte	.LASF36
 498 0140 6F       		.sleb128 -17
 499 0141 07       		.uleb128 0x7
 500 0142 60000000 		.4byte	.LASF37
 501 0146 6E       		.sleb128 -18
 502 0147 07       		.uleb128 0x7
 503 0148 1C010000 		.4byte	.LASF38
 504 014c 6D       		.sleb128 -19
 505 014d 07       		.uleb128 0x7
 506 014e 32030000 		.4byte	.LASF39
 507 0152 6C       		.sleb128 -20
 508 0153 07       		.uleb128 0x7
 509 0154 86010000 		.4byte	.LASF40
 510 0158 6B       		.sleb128 -21
 511 0159 07       		.uleb128 0x7
 512 015a ED030000 		.4byte	.LASF41
 513 015e 6A       		.sleb128 -22
 514 015f 07       		.uleb128 0x7
 515 0160 CE000000 		.4byte	.LASF42
 516 0164 69       		.sleb128 -23
 517 0165 07       		.uleb128 0x7
 518 0166 2F010000 		.4byte	.LASF43
 519 016a 68       		.sleb128 -24
ARM GAS  C:\Users\Reza\AppData\Local\Temp\ccUQJinN.s 			page 14


 520 016b 00       		.byte	0
 521 016c 03       		.uleb128 0x3
 522 016d 4E040000 		.4byte	.LASF44
 523 0171 04       		.byte	0x4
 524 0172 C8       		.byte	0xc8
 525 0173 C5000000 		.4byte	0xc5
 526 0177 08       		.uleb128 0x8
 527 0178 01       		.byte	0x1
 528 0179 37000000 		.4byte	0x37
 529 017d 05       		.byte	0x5
 530 017e 5F       		.byte	0x5f
 531 017f 90010000 		.4byte	0x190
 532 0183 06       		.uleb128 0x6
 533 0184 91000000 		.4byte	.LASF45
 534 0188 00       		.byte	0
 535 0189 06       		.uleb128 0x6
 536 018a C6010000 		.4byte	.LASF46
 537 018e 01       		.byte	0x1
 538 018f 00       		.byte	0
 539 0190 03       		.uleb128 0x3
 540 0191 A8030000 		.4byte	.LASF47
 541 0195 05       		.byte	0x5
 542 0196 62       		.byte	0x62
 543 0197 77010000 		.4byte	0x177
 544 019b 09       		.uleb128 0x9
 545 019c E5000000 		.4byte	.LASF50
 546 01a0 01       		.byte	0x1
 547 01a1 71       		.byte	0x71
 548 01a2 6C010000 		.4byte	0x16c
 549 01a6 00000000 		.4byte	.LFB64
 550 01aa 34000000 		.4byte	.LFE64-.LFB64
 551 01ae 01       		.uleb128 0x1
 552 01af 9C       		.byte	0x9c
 553 01b0 0E020000 		.4byte	0x20e
 554 01b4 0A       		.uleb128 0xa
 555 01b5 98010000 		.4byte	.LASF48
 556 01b9 01       		.byte	0x1
 557 01ba 71       		.byte	0x71
 558 01bb 90010000 		.4byte	0x190
 559 01bf 00000000 		.4byte	.LLST0
 560 01c3 0A       		.uleb128 0xa
 561 01c4 C0000000 		.4byte	.LASF49
 562 01c8 01       		.byte	0x1
 563 01c9 71       		.byte	0x71
 564 01ca 81000000 		.4byte	0x81
 565 01ce 3A000000 		.4byte	.LLST1
 566 01d2 0B       		.uleb128 0xb
 567 01d3 0B000000 		.4byte	.LASF54
 568 01d7 01       		.byte	0x1
 569 01d8 7E       		.byte	0x7e
 570 01d9 81000000 		.4byte	0x81
 571 01dd 66000000 		.4byte	.LLST2
 572 01e1 0C       		.uleb128 0xc
 573 01e2 0E000000 		.4byte	.LVL1
 574 01e6 14040000 		.4byte	0x414
 575 01ea F5010000 		.4byte	0x1f5
 576 01ee 0D       		.uleb128 0xd
ARM GAS  C:\Users\Reza\AppData\Local\Temp\ccUQJinN.s 			page 15


 577 01ef 01       		.uleb128 0x1
 578 01f0 50       		.byte	0x50
 579 01f1 02       		.uleb128 0x2
 580 01f2 75       		.byte	0x75
 581 01f3 00       		.sleb128 0
 582 01f4 00       		.byte	0
 583 01f5 0E       		.uleb128 0xe
 584 01f6 1E000000 		.4byte	.LVL3
 585 01fa 1F040000 		.4byte	0x41f
 586 01fe 0D       		.uleb128 0xd
 587 01ff 01       		.uleb128 0x1
 588 0200 50       		.byte	0x50
 589 0201 0A       		.uleb128 0xa
 590 0202 74       		.byte	0x74
 591 0203 00       		.sleb128 0
 592 0204 03       		.byte	0x3
 593 0205 00000000 		.4byte	.LANCHOR0
 594 0209 22       		.byte	0x22
 595 020a 94       		.byte	0x94
 596 020b 01       		.byte	0x1
 597 020c 00       		.byte	0
 598 020d 00       		.byte	0
 599 020e 09       		.uleb128 0x9
 600 020f 14030000 		.4byte	.LASF51
 601 0213 01       		.byte	0x1
 602 0214 8F       		.byte	0x8f
 603 0215 6C010000 		.4byte	0x16c
 604 0219 00000000 		.4byte	.LFB65
 605 021d 10000000 		.4byte	.LFE65-.LFB65
 606 0221 01       		.uleb128 0x1
 607 0222 9C       		.byte	0x9c
 608 0223 44020000 		.4byte	0x244
 609 0227 0A       		.uleb128 0xa
 610 0228 98010000 		.4byte	.LASF48
 611 022c 01       		.byte	0x1
 612 022d 8F       		.byte	0x8f
 613 022e 90010000 		.4byte	0x190
 614 0232 8B000000 		.4byte	.LLST3
 615 0236 0F       		.uleb128 0xf
 616 0237 C0000000 		.4byte	.LASF49
 617 023b 01       		.byte	0x1
 618 023c 8F       		.byte	0x8f
 619 023d 44020000 		.4byte	0x244
 620 0241 01       		.uleb128 0x1
 621 0242 51       		.byte	0x51
 622 0243 00       		.byte	0
 623 0244 10       		.uleb128 0x10
 624 0245 04       		.byte	0x4
 625 0246 BA000000 		.4byte	0xba
 626 024a 09       		.uleb128 0x9
 627 024b 0F010000 		.4byte	.LASF52
 628 024f 01       		.byte	0x1
 629 0250 9B       		.byte	0x9b
 630 0251 6C010000 		.4byte	0x16c
 631 0255 00000000 		.4byte	.LFB66
 632 0259 1A000000 		.4byte	.LFE66-.LFB66
 633 025d 01       		.uleb128 0x1
ARM GAS  C:\Users\Reza\AppData\Local\Temp\ccUQJinN.s 			page 16


 634 025e 9C       		.byte	0x9c
 635 025f A5020000 		.4byte	0x2a5
 636 0263 0A       		.uleb128 0xa
 637 0264 C0000000 		.4byte	.LASF49
 638 0268 01       		.byte	0x1
 639 0269 9B       		.byte	0x9b
 640 026a 81000000 		.4byte	0x81
 641 026e AC000000 		.4byte	.LLST4
 642 0272 0C       		.uleb128 0xc
 643 0273 0C000000 		.4byte	.LVL10
 644 0277 9B010000 		.4byte	0x19b
 645 027b 8D020000 		.4byte	0x28d
 646 027f 0D       		.uleb128 0xd
 647 0280 01       		.uleb128 0x1
 648 0281 50       		.byte	0x50
 649 0282 01       		.uleb128 0x1
 650 0283 31       		.byte	0x31
 651 0284 0D       		.uleb128 0xd
 652 0285 01       		.uleb128 0x1
 653 0286 51       		.byte	0x51
 654 0287 04       		.uleb128 0x4
 655 0288 74       		.byte	0x74
 656 0289 00       		.sleb128 0
 657 028a 34       		.byte	0x34
 658 028b 25       		.byte	0x25
 659 028c 00       		.byte	0
 660 028d 0E       		.uleb128 0xe
 661 028e 16000000 		.4byte	.LVL11
 662 0292 9B010000 		.4byte	0x19b
 663 0296 0D       		.uleb128 0xd
 664 0297 01       		.uleb128 0x1
 665 0298 50       		.byte	0x50
 666 0299 01       		.uleb128 0x1
 667 029a 30       		.byte	0x30
 668 029b 0D       		.uleb128 0xd
 669 029c 01       		.uleb128 0x1
 670 029d 51       		.byte	0x51
 671 029e 04       		.uleb128 0x4
 672 029f 74       		.byte	0x74
 673 02a0 00       		.sleb128 0
 674 02a1 3F       		.byte	0x3f
 675 02a2 1A       		.byte	0x1a
 676 02a3 00       		.byte	0
 677 02a4 00       		.byte	0
 678 02a5 09       		.uleb128 0x9
 679 02a6 EB020000 		.4byte	.LASF53
 680 02aa 01       		.byte	0x1
 681 02ab A9       		.byte	0xa9
 682 02ac 6C010000 		.4byte	0x16c
 683 02b0 00000000 		.4byte	.LFB67
 684 02b4 3C000000 		.4byte	.LFE67-.LFB67
 685 02b8 01       		.uleb128 0x1
 686 02b9 9C       		.byte	0x9c
 687 02ba 19030000 		.4byte	0x319
 688 02be 0A       		.uleb128 0xa
 689 02bf 98010000 		.4byte	.LASF48
 690 02c3 01       		.byte	0x1
ARM GAS  C:\Users\Reza\AppData\Local\Temp\ccUQJinN.s 			page 17


 691 02c4 A9       		.byte	0xa9
 692 02c5 90010000 		.4byte	0x190
 693 02c9 CD000000 		.4byte	.LLST5
 694 02cd 0A       		.uleb128 0xa
 695 02ce C0000000 		.4byte	.LASF49
 696 02d2 01       		.byte	0x1
 697 02d3 A9       		.byte	0xa9
 698 02d4 81000000 		.4byte	0x81
 699 02d8 07010000 		.4byte	.LLST6
 700 02dc 0B       		.uleb128 0xb
 701 02dd 0B000000 		.4byte	.LASF54
 702 02e1 01       		.byte	0x1
 703 02e2 B2       		.byte	0xb2
 704 02e3 81000000 		.4byte	0x81
 705 02e7 33010000 		.4byte	.LLST7
 706 02eb 11       		.uleb128 0x11
 707 02ec 1E000000 		.4byte	.LVL18
 708 02f0 14040000 		.4byte	0x414
 709 02f4 0C       		.uleb128 0xc
 710 02f5 24000000 		.4byte	.LVL19
 711 02f9 1F040000 		.4byte	0x41f
 712 02fd 08030000 		.4byte	0x308
 713 0301 0D       		.uleb128 0xd
 714 0302 01       		.uleb128 0x1
 715 0303 50       		.byte	0x50
 716 0304 02       		.uleb128 0x2
 717 0305 75       		.byte	0x75
 718 0306 00       		.sleb128 0
 719 0307 00       		.byte	0
 720 0308 0E       		.uleb128 0xe
 721 0309 2A000000 		.4byte	.LVL20
 722 030d 2A040000 		.4byte	0x42a
 723 0311 0D       		.uleb128 0xd
 724 0312 01       		.uleb128 0x1
 725 0313 50       		.byte	0x50
 726 0314 02       		.uleb128 0x2
 727 0315 74       		.byte	0x74
 728 0316 00       		.sleb128 0
 729 0317 00       		.byte	0
 730 0318 00       		.byte	0
 731 0319 09       		.uleb128 0x9
 732 031a A0010000 		.4byte	.LASF55
 733 031e 01       		.byte	0x1
 734 031f C9       		.byte	0xc9
 735 0320 6C010000 		.4byte	0x16c
 736 0324 00000000 		.4byte	.LFB68
 737 0328 1C000000 		.4byte	.LFE68-.LFB68
 738 032c 01       		.uleb128 0x1
 739 032d 9C       		.byte	0x9c
 740 032e 5A030000 		.4byte	0x35a
 741 0332 0A       		.uleb128 0xa
 742 0333 98010000 		.4byte	.LASF48
 743 0337 01       		.byte	0x1
 744 0338 C9       		.byte	0xc9
 745 0339 90010000 		.4byte	0x190
 746 033d 69010000 		.4byte	.LLST8
 747 0341 11       		.uleb128 0x11
ARM GAS  C:\Users\Reza\AppData\Local\Temp\ccUQJinN.s 			page 18


 748 0342 0C000000 		.4byte	.LVL24
 749 0346 14040000 		.4byte	0x414
 750 034a 0E       		.uleb128 0xe
 751 034b 12000000 		.4byte	.LVL25
 752 034f 1F040000 		.4byte	0x41f
 753 0353 0D       		.uleb128 0xd
 754 0354 01       		.uleb128 0x1
 755 0355 50       		.byte	0x50
 756 0356 01       		.uleb128 0x1
 757 0357 30       		.byte	0x30
 758 0358 00       		.byte	0
 759 0359 00       		.byte	0
 760 035a 12       		.uleb128 0x12
 761 035b 00000000 		.4byte	.LASF65
 762 035f 01       		.byte	0x1
 763 0360 61       		.byte	0x61
 764 0361 6C010000 		.4byte	0x16c
 765 0365 00000000 		.4byte	.LFB63
 766 0369 12000000 		.4byte	.LFE63-.LFB63
 767 036d 01       		.uleb128 0x1
 768 036e 9C       		.byte	0x9c
 769 036f 96030000 		.4byte	0x396
 770 0373 0C       		.uleb128 0xc
 771 0374 08000000 		.4byte	.LVL26
 772 0378 19030000 		.4byte	0x319
 773 037c 86030000 		.4byte	0x386
 774 0380 0D       		.uleb128 0xd
 775 0381 01       		.uleb128 0x1
 776 0382 50       		.byte	0x50
 777 0383 01       		.uleb128 0x1
 778 0384 30       		.byte	0x30
 779 0385 00       		.byte	0
 780 0386 0E       		.uleb128 0xe
 781 0387 0E000000 		.4byte	.LVL27
 782 038b 19030000 		.4byte	0x319
 783 038f 0D       		.uleb128 0xd
 784 0390 01       		.uleb128 0x1
 785 0391 50       		.byte	0x50
 786 0392 01       		.uleb128 0x1
 787 0393 31       		.byte	0x31
 788 0394 00       		.byte	0
 789 0395 00       		.byte	0
 790 0396 13       		.uleb128 0x13
 791 0397 A6030000 		.4byte	0x3a6
 792 039b A6030000 		.4byte	0x3a6
 793 039f 14       		.uleb128 0x14
 794 03a0 B3000000 		.4byte	0xb3
 795 03a4 10       		.byte	0x10
 796 03a5 00       		.byte	0
 797 03a6 15       		.uleb128 0x15
 798 03a7 81000000 		.4byte	0x81
 799 03ab 16       		.uleb128 0x16
 800 03ac 00020000 		.4byte	.LASF56
 801 03b0 01       		.byte	0x1
 802 03b1 38       		.byte	0x38
 803 03b2 BC030000 		.4byte	0x3bc
 804 03b6 05       		.uleb128 0x5
ARM GAS  C:\Users\Reza\AppData\Local\Temp\ccUQJinN.s 			page 19


 805 03b7 03       		.byte	0x3
 806 03b8 00000000 		.4byte	SEVEN__BitPattern
 807 03bc 15       		.uleb128 0x15
 808 03bd 96030000 		.4byte	0x396
 809 03c1 13       		.uleb128 0x13
 810 03c2 BA000000 		.4byte	0xba
 811 03c6 D1030000 		.4byte	0x3d1
 812 03ca 14       		.uleb128 0x14
 813 03cb B3000000 		.4byte	0xb3
 814 03cf 01       		.byte	0x1
 815 03d0 00       		.byte	0
 816 03d1 16       		.uleb128 0x16
 817 03d2 73010000 		.4byte	.LASF57
 818 03d6 01       		.byte	0x1
 819 03d7 4F       		.byte	0x4f
 820 03d8 C1030000 		.4byte	0x3c1
 821 03dc 05       		.uleb128 0x5
 822 03dd 03       		.byte	0x3
 823 03de 00000000 		.4byte	SEVEN__latch_value
 824 03e2 13       		.uleb128 0x13
 825 03e3 81000000 		.4byte	0x81
 826 03e7 F2030000 		.4byte	0x3f2
 827 03eb 14       		.uleb128 0x14
 828 03ec B3000000 		.4byte	0xb3
 829 03f0 01       		.byte	0x1
 830 03f1 00       		.byte	0
 831 03f2 16       		.uleb128 0x16
 832 03f3 20020000 		.4byte	.LASF58
 833 03f7 01       		.byte	0x1
 834 03f8 50       		.byte	0x50
 835 03f9 E2030000 		.4byte	0x3e2
 836 03fd 05       		.uleb128 0x5
 837 03fe 03       		.byte	0x3
 838 03ff 00000000 		.4byte	SEVEN__latch_pattern
 839 0403 17       		.uleb128 0x17
 840 0404 12040000 		.4byte	.LASF66
 841 0408 09       		.byte	0x9
 842 0409 1207     		.2byte	0x712
 843 040b 0F040000 		.4byte	0x40f
 844 040f 18       		.uleb128 0x18
 845 0410 8C000000 		.4byte	0x8c
 846 0414 19       		.uleb128 0x19
 847 0415 FF030000 		.4byte	.LASF59
 848 0419 FF030000 		.4byte	.LASF59
 849 041d 06       		.byte	0x6
 850 041e 26       		.byte	0x26
 851 041f 19       		.uleb128 0x19
 852 0420 D6020000 		.4byte	.LASF60
 853 0424 D6020000 		.4byte	.LASF60
 854 0428 07       		.byte	0x7
 855 0429 2F       		.byte	0x2f
 856 042a 19       		.uleb128 0x19
 857 042b DE030000 		.4byte	.LASF61
 858 042f DE030000 		.4byte	.LASF61
 859 0433 08       		.byte	0x8
 860 0434 26       		.byte	0x26
 861 0435 00       		.byte	0
ARM GAS  C:\Users\Reza\AppData\Local\Temp\ccUQJinN.s 			page 20


 862              		.section	.debug_abbrev,"",%progbits
 863              	.Ldebug_abbrev0:
 864 0000 01       		.uleb128 0x1
 865 0001 11       		.uleb128 0x11
 866 0002 01       		.byte	0x1
 867 0003 25       		.uleb128 0x25
 868 0004 0E       		.uleb128 0xe
 869 0005 13       		.uleb128 0x13
 870 0006 0B       		.uleb128 0xb
 871 0007 03       		.uleb128 0x3
 872 0008 0E       		.uleb128 0xe
 873 0009 1B       		.uleb128 0x1b
 874 000a 0E       		.uleb128 0xe
 875 000b 55       		.uleb128 0x55
 876 000c 17       		.uleb128 0x17
 877 000d 11       		.uleb128 0x11
 878 000e 01       		.uleb128 0x1
 879 000f 10       		.uleb128 0x10
 880 0010 17       		.uleb128 0x17
 881 0011 00       		.byte	0
 882 0012 00       		.byte	0
 883 0013 02       		.uleb128 0x2
 884 0014 24       		.uleb128 0x24
 885 0015 00       		.byte	0
 886 0016 0B       		.uleb128 0xb
 887 0017 0B       		.uleb128 0xb
 888 0018 3E       		.uleb128 0x3e
 889 0019 0B       		.uleb128 0xb
 890 001a 03       		.uleb128 0x3
 891 001b 0E       		.uleb128 0xe
 892 001c 00       		.byte	0
 893 001d 00       		.byte	0
 894 001e 03       		.uleb128 0x3
 895 001f 16       		.uleb128 0x16
 896 0020 00       		.byte	0
 897 0021 03       		.uleb128 0x3
 898 0022 0E       		.uleb128 0xe
 899 0023 3A       		.uleb128 0x3a
 900 0024 0B       		.uleb128 0xb
 901 0025 3B       		.uleb128 0x3b
 902 0026 0B       		.uleb128 0xb
 903 0027 49       		.uleb128 0x49
 904 0028 13       		.uleb128 0x13
 905 0029 00       		.byte	0
 906 002a 00       		.byte	0
 907 002b 04       		.uleb128 0x4
 908 002c 24       		.uleb128 0x24
 909 002d 00       		.byte	0
 910 002e 0B       		.uleb128 0xb
 911 002f 0B       		.uleb128 0xb
 912 0030 3E       		.uleb128 0x3e
 913 0031 0B       		.uleb128 0xb
 914 0032 03       		.uleb128 0x3
 915 0033 08       		.uleb128 0x8
 916 0034 00       		.byte	0
 917 0035 00       		.byte	0
 918 0036 05       		.uleb128 0x5
ARM GAS  C:\Users\Reza\AppData\Local\Temp\ccUQJinN.s 			page 21


 919 0037 04       		.uleb128 0x4
 920 0038 01       		.byte	0x1
 921 0039 03       		.uleb128 0x3
 922 003a 08       		.uleb128 0x8
 923 003b 0B       		.uleb128 0xb
 924 003c 0B       		.uleb128 0xb
 925 003d 49       		.uleb128 0x49
 926 003e 13       		.uleb128 0x13
 927 003f 3A       		.uleb128 0x3a
 928 0040 0B       		.uleb128 0xb
 929 0041 3B       		.uleb128 0x3b
 930 0042 0B       		.uleb128 0xb
 931 0043 01       		.uleb128 0x1
 932 0044 13       		.uleb128 0x13
 933 0045 00       		.byte	0
 934 0046 00       		.byte	0
 935 0047 06       		.uleb128 0x6
 936 0048 28       		.uleb128 0x28
 937 0049 00       		.byte	0
 938 004a 03       		.uleb128 0x3
 939 004b 0E       		.uleb128 0xe
 940 004c 1C       		.uleb128 0x1c
 941 004d 0B       		.uleb128 0xb
 942 004e 00       		.byte	0
 943 004f 00       		.byte	0
 944 0050 07       		.uleb128 0x7
 945 0051 28       		.uleb128 0x28
 946 0052 00       		.byte	0
 947 0053 03       		.uleb128 0x3
 948 0054 0E       		.uleb128 0xe
 949 0055 1C       		.uleb128 0x1c
 950 0056 0D       		.uleb128 0xd
 951 0057 00       		.byte	0
 952 0058 00       		.byte	0
 953 0059 08       		.uleb128 0x8
 954 005a 04       		.uleb128 0x4
 955 005b 01       		.byte	0x1
 956 005c 0B       		.uleb128 0xb
 957 005d 0B       		.uleb128 0xb
 958 005e 49       		.uleb128 0x49
 959 005f 13       		.uleb128 0x13
 960 0060 3A       		.uleb128 0x3a
 961 0061 0B       		.uleb128 0xb
 962 0062 3B       		.uleb128 0x3b
 963 0063 0B       		.uleb128 0xb
 964 0064 01       		.uleb128 0x1
 965 0065 13       		.uleb128 0x13
 966 0066 00       		.byte	0
 967 0067 00       		.byte	0
 968 0068 09       		.uleb128 0x9
 969 0069 2E       		.uleb128 0x2e
 970 006a 01       		.byte	0x1
 971 006b 3F       		.uleb128 0x3f
 972 006c 19       		.uleb128 0x19
 973 006d 03       		.uleb128 0x3
 974 006e 0E       		.uleb128 0xe
 975 006f 3A       		.uleb128 0x3a
ARM GAS  C:\Users\Reza\AppData\Local\Temp\ccUQJinN.s 			page 22


 976 0070 0B       		.uleb128 0xb
 977 0071 3B       		.uleb128 0x3b
 978 0072 0B       		.uleb128 0xb
 979 0073 27       		.uleb128 0x27
 980 0074 19       		.uleb128 0x19
 981 0075 49       		.uleb128 0x49
 982 0076 13       		.uleb128 0x13
 983 0077 11       		.uleb128 0x11
 984 0078 01       		.uleb128 0x1
 985 0079 12       		.uleb128 0x12
 986 007a 06       		.uleb128 0x6
 987 007b 40       		.uleb128 0x40
 988 007c 18       		.uleb128 0x18
 989 007d 9742     		.uleb128 0x2117
 990 007f 19       		.uleb128 0x19
 991 0080 01       		.uleb128 0x1
 992 0081 13       		.uleb128 0x13
 993 0082 00       		.byte	0
 994 0083 00       		.byte	0
 995 0084 0A       		.uleb128 0xa
 996 0085 05       		.uleb128 0x5
 997 0086 00       		.byte	0
 998 0087 03       		.uleb128 0x3
 999 0088 0E       		.uleb128 0xe
 1000 0089 3A       		.uleb128 0x3a
 1001 008a 0B       		.uleb128 0xb
 1002 008b 3B       		.uleb128 0x3b
 1003 008c 0B       		.uleb128 0xb
 1004 008d 49       		.uleb128 0x49
 1005 008e 13       		.uleb128 0x13
 1006 008f 02       		.uleb128 0x2
 1007 0090 17       		.uleb128 0x17
 1008 0091 00       		.byte	0
 1009 0092 00       		.byte	0
 1010 0093 0B       		.uleb128 0xb
 1011 0094 34       		.uleb128 0x34
 1012 0095 00       		.byte	0
 1013 0096 03       		.uleb128 0x3
 1014 0097 0E       		.uleb128 0xe
 1015 0098 3A       		.uleb128 0x3a
 1016 0099 0B       		.uleb128 0xb
 1017 009a 3B       		.uleb128 0x3b
 1018 009b 0B       		.uleb128 0xb
 1019 009c 49       		.uleb128 0x49
 1020 009d 13       		.uleb128 0x13
 1021 009e 02       		.uleb128 0x2
 1022 009f 17       		.uleb128 0x17
 1023 00a0 00       		.byte	0
 1024 00a1 00       		.byte	0
 1025 00a2 0C       		.uleb128 0xc
 1026 00a3 898201   		.uleb128 0x4109
 1027 00a6 01       		.byte	0x1
 1028 00a7 11       		.uleb128 0x11
 1029 00a8 01       		.uleb128 0x1
 1030 00a9 31       		.uleb128 0x31
 1031 00aa 13       		.uleb128 0x13
 1032 00ab 01       		.uleb128 0x1
ARM GAS  C:\Users\Reza\AppData\Local\Temp\ccUQJinN.s 			page 23


 1033 00ac 13       		.uleb128 0x13
 1034 00ad 00       		.byte	0
 1035 00ae 00       		.byte	0
 1036 00af 0D       		.uleb128 0xd
 1037 00b0 8A8201   		.uleb128 0x410a
 1038 00b3 00       		.byte	0
 1039 00b4 02       		.uleb128 0x2
 1040 00b5 18       		.uleb128 0x18
 1041 00b6 9142     		.uleb128 0x2111
 1042 00b8 18       		.uleb128 0x18
 1043 00b9 00       		.byte	0
 1044 00ba 00       		.byte	0
 1045 00bb 0E       		.uleb128 0xe
 1046 00bc 898201   		.uleb128 0x4109
 1047 00bf 01       		.byte	0x1
 1048 00c0 11       		.uleb128 0x11
 1049 00c1 01       		.uleb128 0x1
 1050 00c2 31       		.uleb128 0x31
 1051 00c3 13       		.uleb128 0x13
 1052 00c4 00       		.byte	0
 1053 00c5 00       		.byte	0
 1054 00c6 0F       		.uleb128 0xf
 1055 00c7 05       		.uleb128 0x5
 1056 00c8 00       		.byte	0
 1057 00c9 03       		.uleb128 0x3
 1058 00ca 0E       		.uleb128 0xe
 1059 00cb 3A       		.uleb128 0x3a
 1060 00cc 0B       		.uleb128 0xb
 1061 00cd 3B       		.uleb128 0x3b
 1062 00ce 0B       		.uleb128 0xb
 1063 00cf 49       		.uleb128 0x49
 1064 00d0 13       		.uleb128 0x13
 1065 00d1 02       		.uleb128 0x2
 1066 00d2 18       		.uleb128 0x18
 1067 00d3 00       		.byte	0
 1068 00d4 00       		.byte	0
 1069 00d5 10       		.uleb128 0x10
 1070 00d6 0F       		.uleb128 0xf
 1071 00d7 00       		.byte	0
 1072 00d8 0B       		.uleb128 0xb
 1073 00d9 0B       		.uleb128 0xb
 1074 00da 49       		.uleb128 0x49
 1075 00db 13       		.uleb128 0x13
 1076 00dc 00       		.byte	0
 1077 00dd 00       		.byte	0
 1078 00de 11       		.uleb128 0x11
 1079 00df 898201   		.uleb128 0x4109
 1080 00e2 00       		.byte	0
 1081 00e3 11       		.uleb128 0x11
 1082 00e4 01       		.uleb128 0x1
 1083 00e5 31       		.uleb128 0x31
 1084 00e6 13       		.uleb128 0x13
 1085 00e7 00       		.byte	0
 1086 00e8 00       		.byte	0
 1087 00e9 12       		.uleb128 0x12
 1088 00ea 2E       		.uleb128 0x2e
 1089 00eb 01       		.byte	0x1
ARM GAS  C:\Users\Reza\AppData\Local\Temp\ccUQJinN.s 			page 24


 1090 00ec 3F       		.uleb128 0x3f
 1091 00ed 19       		.uleb128 0x19
 1092 00ee 03       		.uleb128 0x3
 1093 00ef 0E       		.uleb128 0xe
 1094 00f0 3A       		.uleb128 0x3a
 1095 00f1 0B       		.uleb128 0xb
 1096 00f2 3B       		.uleb128 0x3b
 1097 00f3 0B       		.uleb128 0xb
 1098 00f4 49       		.uleb128 0x49
 1099 00f5 13       		.uleb128 0x13
 1100 00f6 11       		.uleb128 0x11
 1101 00f7 01       		.uleb128 0x1
 1102 00f8 12       		.uleb128 0x12
 1103 00f9 06       		.uleb128 0x6
 1104 00fa 40       		.uleb128 0x40
 1105 00fb 18       		.uleb128 0x18
 1106 00fc 9742     		.uleb128 0x2117
 1107 00fe 19       		.uleb128 0x19
 1108 00ff 01       		.uleb128 0x1
 1109 0100 13       		.uleb128 0x13
 1110 0101 00       		.byte	0
 1111 0102 00       		.byte	0
 1112 0103 13       		.uleb128 0x13
 1113 0104 01       		.uleb128 0x1
 1114 0105 01       		.byte	0x1
 1115 0106 49       		.uleb128 0x49
 1116 0107 13       		.uleb128 0x13
 1117 0108 01       		.uleb128 0x1
 1118 0109 13       		.uleb128 0x13
 1119 010a 00       		.byte	0
 1120 010b 00       		.byte	0
 1121 010c 14       		.uleb128 0x14
 1122 010d 21       		.uleb128 0x21
 1123 010e 00       		.byte	0
 1124 010f 49       		.uleb128 0x49
 1125 0110 13       		.uleb128 0x13
 1126 0111 2F       		.uleb128 0x2f
 1127 0112 0B       		.uleb128 0xb
 1128 0113 00       		.byte	0
 1129 0114 00       		.byte	0
 1130 0115 15       		.uleb128 0x15
 1131 0116 26       		.uleb128 0x26
 1132 0117 00       		.byte	0
 1133 0118 49       		.uleb128 0x49
 1134 0119 13       		.uleb128 0x13
 1135 011a 00       		.byte	0
 1136 011b 00       		.byte	0
 1137 011c 16       		.uleb128 0x16
 1138 011d 34       		.uleb128 0x34
 1139 011e 00       		.byte	0
 1140 011f 03       		.uleb128 0x3
 1141 0120 0E       		.uleb128 0xe
 1142 0121 3A       		.uleb128 0x3a
 1143 0122 0B       		.uleb128 0xb
 1144 0123 3B       		.uleb128 0x3b
 1145 0124 0B       		.uleb128 0xb
 1146 0125 49       		.uleb128 0x49
ARM GAS  C:\Users\Reza\AppData\Local\Temp\ccUQJinN.s 			page 25


 1147 0126 13       		.uleb128 0x13
 1148 0127 02       		.uleb128 0x2
 1149 0128 18       		.uleb128 0x18
 1150 0129 00       		.byte	0
 1151 012a 00       		.byte	0
 1152 012b 17       		.uleb128 0x17
 1153 012c 34       		.uleb128 0x34
 1154 012d 00       		.byte	0
 1155 012e 03       		.uleb128 0x3
 1156 012f 0E       		.uleb128 0xe
 1157 0130 3A       		.uleb128 0x3a
 1158 0131 0B       		.uleb128 0xb
 1159 0132 3B       		.uleb128 0x3b
 1160 0133 05       		.uleb128 0x5
 1161 0134 49       		.uleb128 0x49
 1162 0135 13       		.uleb128 0x13
 1163 0136 3F       		.uleb128 0x3f
 1164 0137 19       		.uleb128 0x19
 1165 0138 3C       		.uleb128 0x3c
 1166 0139 19       		.uleb128 0x19
 1167 013a 00       		.byte	0
 1168 013b 00       		.byte	0
 1169 013c 18       		.uleb128 0x18
 1170 013d 35       		.uleb128 0x35
 1171 013e 00       		.byte	0
 1172 013f 49       		.uleb128 0x49
 1173 0140 13       		.uleb128 0x13
 1174 0141 00       		.byte	0
 1175 0142 00       		.byte	0
 1176 0143 19       		.uleb128 0x19
 1177 0144 2E       		.uleb128 0x2e
 1178 0145 00       		.byte	0
 1179 0146 3F       		.uleb128 0x3f
 1180 0147 19       		.uleb128 0x19
 1181 0148 3C       		.uleb128 0x3c
 1182 0149 19       		.uleb128 0x19
 1183 014a 6E       		.uleb128 0x6e
 1184 014b 0E       		.uleb128 0xe
 1185 014c 03       		.uleb128 0x3
 1186 014d 0E       		.uleb128 0xe
 1187 014e 3A       		.uleb128 0x3a
 1188 014f 0B       		.uleb128 0xb
 1189 0150 3B       		.uleb128 0x3b
 1190 0151 0B       		.uleb128 0xb
 1191 0152 00       		.byte	0
 1192 0153 00       		.byte	0
 1193 0154 00       		.byte	0
 1194              		.section	.debug_loc,"",%progbits
 1195              	.Ldebug_loc0:
 1196              	.LLST0:
 1197 0000 00000000 		.4byte	.LVL0
 1198 0004 0D000000 		.4byte	.LVL1-1
 1199 0008 0100     		.2byte	0x1
 1200 000a 50       		.byte	0x50
 1201 000b 0D000000 		.4byte	.LVL1-1
 1202 000f 22000000 		.4byte	.LVL4
 1203 0013 0400     		.2byte	0x4
ARM GAS  C:\Users\Reza\AppData\Local\Temp\ccUQJinN.s 			page 26


 1204 0015 F3       		.byte	0xf3
 1205 0016 01       		.uleb128 0x1
 1206 0017 50       		.byte	0x50
 1207 0018 9F       		.byte	0x9f
 1208 0019 22000000 		.4byte	.LVL4
 1209 001d 26000000 		.4byte	.LVL5
 1210 0021 0100     		.2byte	0x1
 1211 0023 50       		.byte	0x50
 1212 0024 26000000 		.4byte	.LVL5
 1213 0028 34000000 		.4byte	.LFE64
 1214 002c 0400     		.2byte	0x4
 1215 002e F3       		.byte	0xf3
 1216 002f 01       		.uleb128 0x1
 1217 0030 50       		.byte	0x50
 1218 0031 9F       		.byte	0x9f
 1219 0032 00000000 		.4byte	0
 1220 0036 00000000 		.4byte	0
 1221              	.LLST1:
 1222 003a 00000000 		.4byte	.LVL0
 1223 003e 0D000000 		.4byte	.LVL1-1
 1224 0042 0100     		.2byte	0x1
 1225 0044 51       		.byte	0x51
 1226 0045 0D000000 		.4byte	.LVL1-1
 1227 0049 22000000 		.4byte	.LVL4
 1228 004d 0400     		.2byte	0x4
 1229 004f F3       		.byte	0xf3
 1230 0050 01       		.uleb128 0x1
 1231 0051 51       		.byte	0x51
 1232 0052 9F       		.byte	0x9f
 1233 0053 22000000 		.4byte	.LVL4
 1234 0057 34000000 		.4byte	.LFE64
 1235 005b 0100     		.2byte	0x1
 1236 005d 51       		.byte	0x51
 1237 005e 00000000 		.4byte	0
 1238 0062 00000000 		.4byte	0
 1239              	.LLST2:
 1240 0066 12000000 		.4byte	.LVL2
 1241 006a 1D000000 		.4byte	.LVL3-1
 1242 006e 0100     		.2byte	0x1
 1243 0070 50       		.byte	0x50
 1244 0071 1D000000 		.4byte	.LVL3-1
 1245 0075 22000000 		.4byte	.LVL4
 1246 0079 0800     		.2byte	0x8
 1247 007b 74       		.byte	0x74
 1248 007c 00       		.sleb128 0
 1249 007d 03       		.byte	0x3
 1250 007e 00000000 		.4byte	.LANCHOR0
 1251 0082 22       		.byte	0x22
 1252 0083 00000000 		.4byte	0
 1253 0087 00000000 		.4byte	0
 1254              	.LLST3:
 1255 008b 00000000 		.4byte	.LVL6
 1256 008f 08000000 		.4byte	.LVL7
 1257 0093 0100     		.2byte	0x1
 1258 0095 50       		.byte	0x50
 1259 0096 08000000 		.4byte	.LVL7
 1260 009a 10000000 		.4byte	.LFE65
ARM GAS  C:\Users\Reza\AppData\Local\Temp\ccUQJinN.s 			page 27


 1261 009e 0400     		.2byte	0x4
 1262 00a0 F3       		.byte	0xf3
 1263 00a1 01       		.uleb128 0x1
 1264 00a2 50       		.byte	0x50
 1265 00a3 9F       		.byte	0x9f
 1266 00a4 00000000 		.4byte	0
 1267 00a8 00000000 		.4byte	0
 1268              	.LLST4:
 1269 00ac 00000000 		.4byte	.LVL8
 1270 00b0 08000000 		.4byte	.LVL9
 1271 00b4 0100     		.2byte	0x1
 1272 00b6 50       		.byte	0x50
 1273 00b7 08000000 		.4byte	.LVL9
 1274 00bb 1A000000 		.4byte	.LFE66
 1275 00bf 0400     		.2byte	0x4
 1276 00c1 F3       		.byte	0xf3
 1277 00c2 01       		.uleb128 0x1
 1278 00c3 50       		.byte	0x50
 1279 00c4 9F       		.byte	0x9f
 1280 00c5 00000000 		.4byte	0
 1281 00c9 00000000 		.4byte	0
 1282              	.LLST5:
 1283 00cd 00000000 		.4byte	.LVL12
 1284 00d1 1D000000 		.4byte	.LVL18-1
 1285 00d5 0100     		.2byte	0x1
 1286 00d7 50       		.byte	0x50
 1287 00d8 1D000000 		.4byte	.LVL18-1
 1288 00dc 2E000000 		.4byte	.LVL21
 1289 00e0 0400     		.2byte	0x4
 1290 00e2 F3       		.byte	0xf3
 1291 00e3 01       		.uleb128 0x1
 1292 00e4 50       		.byte	0x50
 1293 00e5 9F       		.byte	0x9f
 1294 00e6 2E000000 		.4byte	.LVL21
 1295 00ea 32000000 		.4byte	.LVL22
 1296 00ee 0100     		.2byte	0x1
 1297 00f0 50       		.byte	0x50
 1298 00f1 32000000 		.4byte	.LVL22
 1299 00f5 3C000000 		.4byte	.LFE67
 1300 00f9 0400     		.2byte	0x4
 1301 00fb F3       		.byte	0xf3
 1302 00fc 01       		.uleb128 0x1
 1303 00fd 50       		.byte	0x50
 1304 00fe 9F       		.byte	0x9f
 1305 00ff 00000000 		.4byte	0
 1306 0103 00000000 		.4byte	0
 1307              	.LLST6:
 1308 0107 00000000 		.4byte	.LVL12
 1309 010b 1D000000 		.4byte	.LVL18-1
 1310 010f 0100     		.2byte	0x1
 1311 0111 51       		.byte	0x51
 1312 0112 1D000000 		.4byte	.LVL18-1
 1313 0116 2E000000 		.4byte	.LVL21
 1314 011a 0400     		.2byte	0x4
 1315 011c F3       		.byte	0xf3
 1316 011d 01       		.uleb128 0x1
 1317 011e 51       		.byte	0x51
ARM GAS  C:\Users\Reza\AppData\Local\Temp\ccUQJinN.s 			page 28


 1318 011f 9F       		.byte	0x9f
 1319 0120 2E000000 		.4byte	.LVL21
 1320 0124 3C000000 		.4byte	.LFE67
 1321 0128 0100     		.2byte	0x1
 1322 012a 51       		.byte	0x51
 1323 012b 00000000 		.4byte	0
 1324 012f 00000000 		.4byte	0
 1325              	.LLST7:
 1326 0133 06000000 		.4byte	.LVL13
 1327 0137 14000000 		.4byte	.LVL14
 1328 013b 0200     		.2byte	0x2
 1329 013d 30       		.byte	0x30
 1330 013e 9F       		.byte	0x9f
 1331 013f 14000000 		.4byte	.LVL14
 1332 0143 16000000 		.4byte	.LVL15
 1333 0147 0100     		.2byte	0x1
 1334 0149 55       		.byte	0x55
 1335 014a 16000000 		.4byte	.LVL15
 1336 014e 18000000 		.4byte	.LVL16
 1337 0152 0200     		.2byte	0x2
 1338 0154 30       		.byte	0x30
 1339 0155 9F       		.byte	0x9f
 1340 0156 1A000000 		.4byte	.LVL17
 1341 015a 2E000000 		.4byte	.LVL21
 1342 015e 0100     		.2byte	0x1
 1343 0160 55       		.byte	0x55
 1344 0161 00000000 		.4byte	0
 1345 0165 00000000 		.4byte	0
 1346              	.LLST8:
 1347 0169 00000000 		.4byte	.LVL23
 1348 016d 0B000000 		.4byte	.LVL24-1
 1349 0171 0100     		.2byte	0x1
 1350 0173 50       		.byte	0x50
 1351 0174 0B000000 		.4byte	.LVL24-1
 1352 0178 1C000000 		.4byte	.LFE68
 1353 017c 0400     		.2byte	0x4
 1354 017e F3       		.byte	0xf3
 1355 017f 01       		.uleb128 0x1
 1356 0180 50       		.byte	0x50
 1357 0181 9F       		.byte	0x9f
 1358 0182 00000000 		.4byte	0
 1359 0186 00000000 		.4byte	0
 1360              		.section	.debug_aranges,"",%progbits
 1361 0000 44000000 		.4byte	0x44
 1362 0004 0200     		.2byte	0x2
 1363 0006 00000000 		.4byte	.Ldebug_info0
 1364 000a 04       		.byte	0x4
 1365 000b 00       		.byte	0
 1366 000c 0000     		.2byte	0
 1367 000e 0000     		.2byte	0
 1368 0010 00000000 		.4byte	.LFB64
 1369 0014 34000000 		.4byte	.LFE64-.LFB64
 1370 0018 00000000 		.4byte	.LFB65
 1371 001c 10000000 		.4byte	.LFE65-.LFB65
 1372 0020 00000000 		.4byte	.LFB66
 1373 0024 1A000000 		.4byte	.LFE66-.LFB66
 1374 0028 00000000 		.4byte	.LFB67
ARM GAS  C:\Users\Reza\AppData\Local\Temp\ccUQJinN.s 			page 29


 1375 002c 3C000000 		.4byte	.LFE67-.LFB67
 1376 0030 00000000 		.4byte	.LFB68
 1377 0034 1C000000 		.4byte	.LFE68-.LFB68
 1378 0038 00000000 		.4byte	.LFB63
 1379 003c 12000000 		.4byte	.LFE63-.LFB63
 1380 0040 00000000 		.4byte	0
 1381 0044 00000000 		.4byte	0
 1382              		.section	.debug_ranges,"",%progbits
 1383              	.Ldebug_ranges0:
 1384 0000 00000000 		.4byte	.LFB64
 1385 0004 34000000 		.4byte	.LFE64
 1386 0008 00000000 		.4byte	.LFB65
 1387 000c 10000000 		.4byte	.LFE65
 1388 0010 00000000 		.4byte	.LFB66
 1389 0014 1A000000 		.4byte	.LFE66
 1390 0018 00000000 		.4byte	.LFB67
 1391 001c 3C000000 		.4byte	.LFE67
 1392 0020 00000000 		.4byte	.LFB68
 1393 0024 1C000000 		.4byte	.LFE68
 1394 0028 00000000 		.4byte	.LFB63
 1395 002c 12000000 		.4byte	.LFE63
 1396 0030 00000000 		.4byte	0
 1397 0034 00000000 		.4byte	0
 1398              		.section	.debug_line,"",%progbits
 1399              	.Ldebug_line0:
 1400 0000 1C020000 		.section	.debug_str,"MS",%progbits,1
 1400      02009101 
 1400      00000201 
 1400      FB0E0D00 
 1400      01010101 
 1401              	.LASF65:
 1402 0000 53455645 		.ascii	"SEVEN_Init\000"
 1402      4E5F496E 
 1402      697400
 1403              	.LASF54:
 1404 000b 70617474 		.ascii	"pattern\000"
 1404      65726E00 
 1405              	.LASF33:
 1406 0013 52435F45 		.ascii	"RC_ERROR_READ_ONLY\000"
 1406      52524F52 
 1406      5F524541 
 1406      445F4F4E 
 1406      4C5900
 1407              	.LASF19:
 1408 0026 52435F53 		.ascii	"RC_SUCCESS\000"
 1408      55434345 
 1408      535300
 1409              	.LASF34:
 1410 0031 52435F45 		.ascii	"RC_ERROR_WRITE_ONLY\000"
 1410      52524F52 
 1410      5F575249 
 1410      54455F4F 
 1410      4E4C5900 
 1411              	.LASF2:
 1412 0045 73686F72 		.ascii	"short int\000"
 1412      7420696E 
 1412      7400
ARM GAS  C:\Users\Reza\AppData\Local\Temp\ccUQJinN.s 			page 30


 1413              	.LASF25:
 1414 004f 52435F45 		.ascii	"RC_ERROR_OVERRUN\000"
 1414      52524F52 
 1414      5F4F5645 
 1414      5252554E 
 1414      00
 1415              	.LASF37:
 1416 0060 52435F45 		.ascii	"RC_ERROR_WRITE_FAILS\000"
 1416      52524F52 
 1416      5F575249 
 1416      54455F46 
 1416      41494C53 
 1417              	.LASF17:
 1418 0075 73697A65 		.ascii	"sizetype\000"
 1418      74797065 
 1418      00
 1419              	.LASF63:
 1420 007e 536F7572 		.ascii	"Source\\bsw\\seven.c\000"
 1420      63655C62 
 1420      73775C73 
 1420      6576656E 
 1420      2E6300
 1421              	.LASF45:
 1422 0091 53455645 		.ascii	"SEVEN_0\000"
 1422      4E5F3000 
 1423              	.LASF22:
 1424 0099 52435F45 		.ascii	"RC_ERROR_ZERO\000"
 1424      52524F52 
 1424      5F5A4552 
 1424      4F00
 1425              	.LASF18:
 1426 00a7 73696E74 		.ascii	"sint8_t\000"
 1426      385F7400 
 1427              	.LASF35:
 1428 00af 52435F45 		.ascii	"RC_ERROR_INVALID\000"
 1428      52524F52 
 1428      5F494E56 
 1428      414C4944 
 1428      00
 1429              	.LASF49:
 1430 00c0 76616C75 		.ascii	"value\000"
 1430      6500
 1431              	.LASF11:
 1432 00c6 75696E74 		.ascii	"uint8_t\000"
 1432      385F7400 
 1433              	.LASF42:
 1434 00ce 52435F45 		.ascii	"RC_ERROR_INVALID_STATE\000"
 1434      52524F52 
 1434      5F494E56 
 1434      414C4944 
 1434      5F535441 
 1435              	.LASF50:
 1436 00e5 53455645 		.ascii	"SEVEN_Set\000"
 1436      4E5F5365 
 1436      7400
 1437              	.LASF0:
 1438 00ef 7369676E 		.ascii	"signed char\000"
ARM GAS  C:\Users\Reza\AppData\Local\Temp\ccUQJinN.s 			page 31


 1438      65642063 
 1438      68617200 
 1439              	.LASF13:
 1440 00fb 666C6F61 		.ascii	"float\000"
 1440      7400
 1441              	.LASF8:
 1442 0101 6C6F6E67 		.ascii	"long long int\000"
 1442      206C6F6E 
 1442      6720696E 
 1442      7400
 1443              	.LASF52:
 1444 010f 53455645 		.ascii	"SEVEN_SetHex\000"
 1444      4E5F5365 
 1444      74486578 
 1444      00
 1445              	.LASF38:
 1446 011c 52435F45 		.ascii	"RC_ERROR_NOT_MATCH\000"
 1446      52524F52 
 1446      5F4E4F54 
 1446      5F4D4154 
 1446      434800
 1447              	.LASF43:
 1448 012f 52435F45 		.ascii	"RC_ERROR_UNKNOWN\000"
 1448      52524F52 
 1448      5F554E4B 
 1448      4E4F574E 
 1448      00
 1449              	.LASF6:
 1450 0140 6C6F6E67 		.ascii	"long int\000"
 1450      20696E74 
 1450      00
 1451              	.LASF26:
 1452 0149 52435F45 		.ascii	"RC_ERROR_UNDERRUN\000"
 1452      52524F52 
 1452      5F554E44 
 1452      45525255 
 1452      4E00
 1453              	.LASF29:
 1454 015b 52435F45 		.ascii	"RC_ERROR_BUSY\000"
 1454      52524F52 
 1454      5F425553 
 1454      5900
 1455              	.LASF4:
 1456 0169 5F5F7569 		.ascii	"__uint8_t\000"
 1456      6E74385F 
 1456      7400
 1457              	.LASF57:
 1458 0173 53455645 		.ascii	"SEVEN__latch_value\000"
 1458      4E5F5F6C 
 1458      61746368 
 1458      5F76616C 
 1458      756500
 1459              	.LASF40:
 1460 0186 52435F45 		.ascii	"RC_ERROR_BAD_DATA\000"
 1460      52524F52 
 1460      5F424144 
 1460      5F444154 
ARM GAS  C:\Users\Reza\AppData\Local\Temp\ccUQJinN.s 			page 32


 1460      4100
 1461              	.LASF48:
 1462 0198 73657665 		.ascii	"sevenId\000"
 1462      6E496400 
 1463              	.LASF55:
 1464 01a0 53455645 		.ascii	"SEVEN_Clear\000"
 1464      4E5F436C 
 1464      65617200 
 1465              	.LASF16:
 1466 01ac 6C6F6E67 		.ascii	"long double\000"
 1466      20646F75 
 1466      626C6500 
 1467              	.LASF1:
 1468 01b8 756E7369 		.ascii	"unsigned char\000"
 1468      676E6564 
 1468      20636861 
 1468      7200
 1469              	.LASF46:
 1470 01c6 53455645 		.ascii	"SEVEN_1\000"
 1470      4E5F3100 
 1471              	.LASF9:
 1472 01ce 6C6F6E67 		.ascii	"long long unsigned int\000"
 1472      206C6F6E 
 1472      6720756E 
 1472      7369676E 
 1472      65642069 
 1473              	.LASF10:
 1474 01e5 756E7369 		.ascii	"unsigned int\000"
 1474      676E6564 
 1474      20696E74 
 1474      00
 1475              	.LASF31:
 1476 01f2 52435F45 		.ascii	"RC_ERROR_OPEN\000"
 1476      52524F52 
 1476      5F4F5045 
 1476      4E00
 1477              	.LASF56:
 1478 0200 53455645 		.ascii	"SEVEN__BitPattern\000"
 1478      4E5F5F42 
 1478      69745061 
 1478      74746572 
 1478      6E00
 1479              	.LASF21:
 1480 0212 52435F45 		.ascii	"RC_ERROR_NULL\000"
 1480      52524F52 
 1480      5F4E554C 
 1480      4C00
 1481              	.LASF58:
 1482 0220 53455645 		.ascii	"SEVEN__latch_pattern\000"
 1482      4E5F5F6C 
 1482      61746368 
 1482      5F706174 
 1482      7465726E 
 1483              	.LASF3:
 1484 0235 73686F72 		.ascii	"short unsigned int\000"
 1484      7420756E 
 1484      7369676E 
ARM GAS  C:\Users\Reza\AppData\Local\Temp\ccUQJinN.s 			page 33


 1484      65642069 
 1484      6E7400
 1485              	.LASF62:
 1486 0248 474E5520 		.ascii	"GNU C11 5.4.1 20160609 (release) [ARM/embedded-5-br"
 1486      43313120 
 1486      352E342E 
 1486      31203230 
 1486      31363036 
 1487 027b 616E6368 		.ascii	"anch revision 237715] -mcpu=cortex-m3 -mthumb -g -O"
 1487      20726576 
 1487      6973696F 
 1487      6E203233 
 1487      37373135 
 1488 02ae 67202D66 		.ascii	"g -ffunction-sections -ffat-lto-objects\000"
 1488      66756E63 
 1488      74696F6E 
 1488      2D736563 
 1488      74696F6E 
 1489              	.LASF60:
 1490 02d6 53455645 		.ascii	"SEVEN_reg_Write\000"
 1490      4E5F7265 
 1490      675F5772 
 1490      69746500 
 1491              	.LASF15:
 1492 02e6 63686172 		.ascii	"char\000"
 1492      00
 1493              	.LASF53:
 1494 02eb 53455645 		.ascii	"SEVEN_SetDP\000"
 1494      4E5F5365 
 1494      74445000 
 1495              	.LASF27:
 1496 02f7 52435F45 		.ascii	"RC_ERROR_BUFFER_FULL\000"
 1496      52524F52 
 1496      5F425546 
 1496      4645525F 
 1496      46554C4C 
 1497              	.LASF12:
 1498 030c 696E7433 		.ascii	"int32_t\000"
 1498      325F7400 
 1499              	.LASF51:
 1500 0314 53455645 		.ascii	"SEVEN_Get\000"
 1500      4E5F4765 
 1500      7400
 1501              	.LASF36:
 1502 031e 52435F45 		.ascii	"RC_ERROR_READ_FAILS\000"
 1502      52524F52 
 1502      5F524541 
 1502      445F4641 
 1502      494C5300 
 1503              	.LASF39:
 1504 0332 52435F45 		.ascii	"RC_ERROR_BAD_PARAM\000"
 1504      52524F52 
 1504      5F424144 
 1504      5F504152 
 1504      414D00
 1505              	.LASF64:
 1506 0345 433A5C55 		.ascii	"C:\\Users\\Reza\\Documents\\PSoC Creator\\CAN_Appli"
ARM GAS  C:\Users\Reza\AppData\Local\Temp\ccUQJinN.s 			page 34


 1506      73657273 
 1506      5C52657A 
 1506      615C446F 
 1506      63756D65 
 1507 0373 63617469 		.ascii	"cation_01\\Design01_Rx.cydsn\000"
 1507      6F6E5F30 
 1507      315C4465 
 1507      7369676E 
 1507      30315F52 
 1508              	.LASF7:
 1509 038f 6C6F6E67 		.ascii	"long unsigned int\000"
 1509      20756E73 
 1509      69676E65 
 1509      6420696E 
 1509      7400
 1510              	.LASF14:
 1511 03a1 646F7562 		.ascii	"double\000"
 1511      6C6500
 1512              	.LASF47:
 1513 03a8 53455645 		.ascii	"SEVEN_id_t\000"
 1513      4E5F6964 
 1513      5F7400
 1514              	.LASF32:
 1515 03b3 52435F45 		.ascii	"RC_ERROR_CHECKSUM\000"
 1515      52524F52 
 1515      5F434845 
 1515      434B5355 
 1515      4D00
 1516              	.LASF24:
 1517 03c5 52435F45 		.ascii	"RC_ERROR_RANGE\000"
 1517      52524F52 
 1517      5F52414E 
 1517      474500
 1518              	.LASF5:
 1519 03d4 5F5F696E 		.ascii	"__int32_t\000"
 1519      7433325F 
 1519      7400
 1520              	.LASF61:
 1521 03de 53455645 		.ascii	"SEVEN_DP_Write\000"
 1521      4E5F4450 
 1521      5F577269 
 1521      746500
 1522              	.LASF41:
 1523 03ed 52435F45 		.ascii	"RC_ERROR_CANCELED\000"
 1523      52524F52 
 1523      5F43414E 
 1523      43454C45 
 1523      4400
 1524              	.LASF59:
 1525 03ff 53455645 		.ascii	"SEVEN_SELECT_Write\000"
 1525      4E5F5345 
 1525      4C454354 
 1525      5F577269 
 1525      746500
 1526              	.LASF66:
 1527 0412 49544D5F 		.ascii	"ITM_RxBuffer\000"
 1527      52784275 
ARM GAS  C:\Users\Reza\AppData\Local\Temp\ccUQJinN.s 			page 35


 1527      66666572 
 1527      00
 1528              	.LASF20:
 1529 041f 52435F45 		.ascii	"RC_ERROR\000"
 1529      52524F52 
 1529      00
 1530              	.LASF23:
 1531 0428 52435F45 		.ascii	"RC_ERROR_MEMORY\000"
 1531      52524F52 
 1531      5F4D454D 
 1531      4F525900 
 1532              	.LASF28:
 1533 0438 52435F45 		.ascii	"RC_ERROR_BUFFER_EMTPY\000"
 1533      52524F52 
 1533      5F425546 
 1533      4645525F 
 1533      454D5450 
 1534              	.LASF44:
 1535 044e 52435F74 		.ascii	"RC_t\000"
 1535      00
 1536              	.LASF30:
 1537 0453 52435F45 		.ascii	"RC_ERROR_TIME_OUT\000"
 1537      52524F52 
 1537      5F54494D 
 1537      455F4F55 
 1537      5400
 1538              		.ident	"GCC: (GNU Tools for ARM Embedded Processors) 5.4.1 20160609 (release) [ARM/embedded-5-bran
