ARM GAS  C:\Users\Reza\AppData\Local\Temp\ccChxm1N.s 			page 1


   1              		.syntax unified
   2              		.cpu cortex-m3
   3              		.fpu softvfp
   4              		.eabi_attribute 20, 1
   5              		.eabi_attribute 21, 1
   6              		.eabi_attribute 23, 3
   7              		.eabi_attribute 24, 1
   8              		.eabi_attribute 25, 1
   9              		.eabi_attribute 26, 1
  10              		.eabi_attribute 30, 1
  11              		.eabi_attribute 34, 1
  12              		.eabi_attribute 18, 4
  13              		.thumb
  14              		.syntax unified
  15              		.file	"cymetadata.c"
  16              		.text
  17              	.Ltext0:
  18              		.cfi_sections	.debug_frame
  19              		.global	cy_metadata
  20              		.global	cy_meta_flashprotect
  21              		.global	cy_meta_wonvl
  22              		.global	cy_meta_custnvl
  23              		.global	cy_meta_configecc
  24              		.section	.cyconfigecc,"a",%progbits
  25              		.align	2
  26              		.type	cy_meta_configecc, %object
  27              		.size	cy_meta_configecc, 792
  28              	cy_meta_configecc:
  29 0000 01       		.byte	1
  30 0001 52       		.byte	82
  31 0002 00       		.byte	0
  32 0003 40       		.byte	64
  33 0004 03       		.byte	3
  34 0005 65       		.byte	101
  35 0006 00       		.byte	0
  36 0007 40       		.byte	64
  37 0008 14       		.byte	20
  38 0009 18       		.byte	24
  39 000a 01       		.byte	1
  40 000b 40       		.byte	64
  41 000c 38       		.byte	56
  42 000d 19       		.byte	25
  43 000e 01       		.byte	1
  44 000f 40       		.byte	64
  45 0010 70       		.byte	112
  46 0011 1A       		.byte	26
  47 0012 01       		.byte	1
  48 0013 40       		.byte	64
  49 0014 54       		.byte	84
  50 0015 1B       		.byte	27
  51 0016 01       		.byte	1
  52 0017 40       		.byte	64
  53 0018 04       		.byte	4
  54 0019 4C       		.byte	76
  55 001a 01       		.byte	1
  56 001b 40       		.byte	64
  57 001c 0D       		.byte	13
ARM GAS  C:\Users\Reza\AppData\Local\Temp\ccChxm1N.s 			page 2


  58 001d 4D       		.byte	77
  59 001e 01       		.byte	1
  60 001f 40       		.byte	64
  61 0020 02       		.byte	2
  62 0021 50       		.byte	80
  63 0022 01       		.byte	1
  64 0023 40       		.byte	64
  65 0024 09       		.byte	9
  66 0025 80       		.byte	-128
  67 0026 88       		.byte	-120
  68 0027 72       		.byte	114
  69 0028 89       		.byte	-119
  70 0029 38       		.byte	56
  71 002a 8B       		.byte	-117
  72 002b 0F       		.byte	15
  73 002c 8A       		.byte	-118
  74 002d 04       		.byte	4
  75 002e 92       		.byte	-110
  76 002f 04       		.byte	4
  77 0030 96       		.byte	-106
  78 0031 02       		.byte	2
  79 0032 99       		.byte	-103
  80 0033 01       		.byte	1
  81 0034 9A       		.byte	-102
  82 0035 02       		.byte	2
  83 0036 A4       		.byte	-92
  84 0037 01       		.byte	1
  85 0038 A8       		.byte	-88
  86 0039 01       		.byte	1
  87 003a AC       		.byte	-84
  88 003b 01       		.byte	1
  89 003c B0       		.byte	-80
  90 003d 02       		.byte	2
  91 003e B1       		.byte	-79
  92 003f 01       		.byte	1
  93 0040 B2       		.byte	-78
  94 0041 04       		.byte	4
  95 0042 B6       		.byte	-74
  96 0043 01       		.byte	1
  97 0044 BB       		.byte	-69
  98 0045 08       		.byte	8
  99 0046 BE       		.byte	-66
 100 0047 05       		.byte	5
 101 0048 BF       		.byte	-65
 102 0049 01       		.byte	1
 103 004a D4       		.byte	-44
 104 004b 18       		.byte	24
 105 004c D8       		.byte	-40
 106 004d 04       		.byte	4
 107 004e D9       		.byte	-39
 108 004f 04       		.byte	4
 109 0050 DB       		.byte	-37
 110 0051 04       		.byte	4
 111 0052 DF       		.byte	-33
 112 0053 01       		.byte	1
 113 0054 03       		.byte	3
 114 0055 08       		.byte	8
ARM GAS  C:\Users\Reza\AppData\Local\Temp\ccChxm1N.s 			page 3


 115 0056 04       		.byte	4
 116 0057 10       		.byte	16
 117 0058 05       		.byte	5
 118 0059 08       		.byte	8
 119 005a 06       		.byte	6
 120 005b 41       		.byte	65
 121 005c 07       		.byte	7
 122 005d 10       		.byte	16
 123 005e 09       		.byte	9
 124 005f 11       		.byte	17
 125 0060 0A       		.byte	10
 126 0061 20       		.byte	32
 127 0062 0C       		.byte	12
 128 0063 10       		.byte	16
 129 0064 0E       		.byte	14
 130 0065 61       		.byte	97
 131 0066 0F       		.byte	15
 132 0067 10       		.byte	16
 133 0068 10       		.byte	16
 134 0069 22       		.byte	34
 135 006a 11       		.byte	17
 136 006b 10       		.byte	16
 137 006c 15       		.byte	21
 138 006d 01       		.byte	1
 139 006e 16       		.byte	22
 140 006f 02       		.byte	2
 141 0070 17       		.byte	23
 142 0071 28       		.byte	40
 143 0072 1A       		.byte	26
 144 0073 01       		.byte	1
 145 0074 1B       		.byte	27
 146 0075 45       		.byte	69
 147 0076 1E       		.byte	30
 148 0077 64       		.byte	100
 149 0078 1F       		.byte	31
 150 0079 44       		.byte	68
 151 007a 20       		.byte	32
 152 007b 10       		.byte	16
 153 007c 21       		.byte	33
 154 007d 08       		.byte	8
 155 007e 22       		.byte	34
 156 007f 08       		.byte	8
 157 0080 23       		.byte	35
 158 0081 40       		.byte	64
 159 0082 25       		.byte	37
 160 0083 11       		.byte	17
 161 0084 27       		.byte	39
 162 0085 10       		.byte	16
 163 0086 2E       		.byte	46
 164 0087 0A       		.byte	10
 165 0088 2F       		.byte	47
 166 0089 04       		.byte	4
 167 008a 33       		.byte	51
 168 008b 20       		.byte	32
 169 008c 35       		.byte	53
 170 008d 40       		.byte	64
 171 008e 36       		.byte	54
ARM GAS  C:\Users\Reza\AppData\Local\Temp\ccChxm1N.s 			page 4


 172 008f 0A       		.byte	10
 173 0090 37       		.byte	55
 174 0091 10       		.byte	16
 175 0092 3D       		.byte	61
 176 0093 08       		.byte	8
 177 0094 3E       		.byte	62
 178 0095 60       		.byte	96
 179 0096 45       		.byte	69
 180 0097 18       		.byte	24
 181 0098 47       		.byte	71
 182 0099 40       		.byte	64
 183 009a 4E       		.byte	78
 184 009b 12       		.byte	18
 185 009c 4F       		.byte	79
 186 009d 90       		.byte	-112
 187 009e 57       		.byte	87
 188 009f 08       		.byte	8
 189 00a0 5B       		.byte	91
 190 00a1 01       		.byte	1
 191 00a2 5E       		.byte	94
 192 00a3 04       		.byte	4
 193 00a4 63       		.byte	99
 194 00a5 0A       		.byte	10
 195 00a6 6C       		.byte	108
 196 00a7 22       		.byte	34
 197 00a8 6D       		.byte	109
 198 00a9 10       		.byte	16
 199 00aa 75       		.byte	117
 200 00ab 40       		.byte	64
 201 00ac 76       		.byte	118
 202 00ad 29       		.byte	41
 203 00ae 77       		.byte	119
 204 00af 28       		.byte	40
 205 00b0 C0       		.byte	-64
 206 00b1 F2       		.byte	-14
 207 00b2 C2       		.byte	-62
 208 00b3 FE       		.byte	-2
 209 00b4 C4       		.byte	-60
 210 00b5 F7       		.byte	-9
 211 00b6 CA       		.byte	-54
 212 00b7 E0       		.byte	-32
 213 00b8 CC       		.byte	-52
 214 00b9 F4       		.byte	-12
 215 00ba CE       		.byte	-50
 216 00bb 70       		.byte	112
 217 00bc D0       		.byte	-48
 218 00bd 70       		.byte	112
 219 00be D2       		.byte	-46
 220 00bf 30       		.byte	48
 221 00c0 D6       		.byte	-42
 222 00c1 41       		.byte	65
 223 00c2 D8       		.byte	-40
 224 00c3 0C       		.byte	12
 225 00c4 05       		.byte	5
 226 00c5 80       		.byte	-128
 227 00c6 07       		.byte	7
 228 00c7 13       		.byte	19
ARM GAS  C:\Users\Reza\AppData\Local\Temp\ccChxm1N.s 			page 5


 229 00c8 08       		.byte	8
 230 00c9 10       		.byte	16
 231 00ca 0A       		.byte	10
 232 00cb AC       		.byte	-84
 233 00cc 0F       		.byte	15
 234 00cd 0C       		.byte	12
 235 00ce 10       		.byte	16
 236 00cf 09       		.byte	9
 237 00d0 12       		.byte	18
 238 00d1 D0       		.byte	-48
 239 00d2 14       		.byte	20
 240 00d3 14       		.byte	20
 241 00d4 15       		.byte	21
 242 00d5 2C       		.byte	44
 243 00d6 17       		.byte	23
 244 00d7 43       		.byte	67
 245 00d8 1A       		.byte	26
 246 00d9 03       		.byte	3
 247 00da 1C       		.byte	28
 248 00db 0C       		.byte	12
 249 00dc 1E       		.byte	30
 250 00dd 71       		.byte	113
 251 00de 1F       		.byte	31
 252 00df 08       		.byte	8
 253 00e0 20       		.byte	32
 254 00e1 10       		.byte	16
 255 00e2 21       		.byte	33
 256 00e3 71       		.byte	113
 257 00e4 22       		.byte	34
 258 00e5 40       		.byte	64
 259 00e6 23       		.byte	35
 260 00e7 0E       		.byte	14
 261 00e8 25       		.byte	37
 262 00e9 71       		.byte	113
 263 00ea 26       		.byte	38
 264 00eb 20       		.byte	32
 265 00ec 27       		.byte	39
 266 00ed 06       		.byte	6
 267 00ee 28       		.byte	40
 268 00ef DC       		.byte	-36
 269 00f0 2A       		.byte	42
 270 00f1 22       		.byte	34
 271 00f2 30       		.byte	48
 272 00f3 E0       		.byte	-32
 273 00f4 31       		.byte	49
 274 00f5 C0       		.byte	-64
 275 00f6 33       		.byte	51
 276 00f7 0F       		.byte	15
 277 00f8 34       		.byte	52
 278 00f9 1F       		.byte	31
 279 00fa 35       		.byte	53
 280 00fb 30       		.byte	48
 281 00fc 39       		.byte	57
 282 00fd 22       		.byte	34
 283 00fe 3A       		.byte	58
 284 00ff 02       		.byte	2
 285 0100 3B       		.byte	59
ARM GAS  C:\Users\Reza\AppData\Local\Temp\ccChxm1N.s 			page 6


 286 0101 08       		.byte	8
 287 0102 3F       		.byte	63
 288 0103 10       		.byte	16
 289 0104 40       		.byte	64
 290 0105 02       		.byte	2
 291 0106 45       		.byte	69
 292 0107 40       		.byte	64
 293 0108 49       		.byte	73
 294 0109 FF       		.byte	-1
 295 010a 4A       		.byte	74
 296 010b 07       		.byte	7
 297 010c 4B       		.byte	75
 298 010d FF       		.byte	-1
 299 010e 4C       		.byte	76
 300 010f 40       		.byte	64
 301 0110 4D       		.byte	77
 302 0111 20       		.byte	32
 303 0112 4E       		.byte	78
 304 0113 F0       		.byte	-16
 305 0114 4F       		.byte	79
 306 0115 05       		.byte	5
 307 0116 50       		.byte	80
 308 0117 08       		.byte	8
 309 0118 58       		.byte	88
 310 0119 04       		.byte	4
 311 011a 59       		.byte	89
 312 011b 04       		.byte	4
 313 011c 5A       		.byte	90
 314 011d 04       		.byte	4
 315 011e 5F       		.byte	95
 316 011f 01       		.byte	1
 317 0120 60       		.byte	96
 318 0121 40       		.byte	64
 319 0122 61       		.byte	97
 320 0123 A8       		.byte	-88
 321 0124 62       		.byte	98
 322 0125 40       		.byte	64
 323 0126 63       		.byte	99
 324 0127 20       		.byte	32
 325 0128 80       		.byte	-128
 326 0129 13       		.byte	19
 327 012a 81       		.byte	-127
 328 012b 11       		.byte	17
 329 012c 82       		.byte	-126
 330 012d 04       		.byte	4
 331 012e 83       		.byte	-125
 332 012f 68       		.byte	104
 333 0130 84       		.byte	-124
 334 0131 13       		.byte	19
 335 0132 85       		.byte	-123
 336 0133 30       		.byte	48
 337 0134 86       		.byte	-122
 338 0135 0C       		.byte	12
 339 0136 88       		.byte	-120
 340 0137 80       		.byte	-128
 341 0138 89       		.byte	-119
 342 0139 30       		.byte	48
ARM GAS  C:\Users\Reza\AppData\Local\Temp\ccChxm1N.s 			page 7


 343 013a 8A       		.byte	-118
 344 013b 20       		.byte	32
 345 013c 8C       		.byte	-116
 346 013d 40       		.byte	64
 347 013e 8E       		.byte	-114
 348 013f 20       		.byte	32
 349 0140 8F       		.byte	-113
 350 0141 03       		.byte	3
 351 0142 92       		.byte	-110
 352 0143 08       		.byte	8
 353 0144 94       		.byte	-108
 354 0145 0A       		.byte	10
 355 0146 95       		.byte	-107
 356 0147 03       		.byte	3
 357 0148 96       		.byte	-106
 358 0149 14       		.byte	20
 359 014a 98       		.byte	-104
 360 014b E0       		.byte	-32
 361 014c 99       		.byte	-103
 362 014d 22       		.byte	34
 363 014e 9B       		.byte	-101
 364 014f 18       		.byte	24
 365 0150 9C       		.byte	-100
 366 0151 20       		.byte	32
 367 0152 9E       		.byte	-98
 368 0153 C0       		.byte	-64
 369 0154 A1       		.byte	-95
 370 0155 03       		.byte	3
 371 0156 A3       		.byte	-93
 372 0157 04       		.byte	4
 373 0158 A6       		.byte	-90
 374 0159 15       		.byte	21
 375 015a A7       		.byte	-89
 376 015b 03       		.byte	3
 377 015c A8       		.byte	-88
 378 015d E0       		.byte	-32
 379 015e A9       		.byte	-87
 380 015f 03       		.byte	3
 381 0160 AC       		.byte	-84
 382 0161 03       		.byte	3
 383 0162 AE       		.byte	-82
 384 0163 14       		.byte	20
 385 0164 AF       		.byte	-81
 386 0165 03       		.byte	3
 387 0166 B0       		.byte	-80
 388 0167 10       		.byte	16
 389 0168 B1       		.byte	-79
 390 0169 0C       		.byte	12
 391 016a B2       		.byte	-78
 392 016b 0F       		.byte	15
 393 016c B3       		.byte	-77
 394 016d 40       		.byte	64
 395 016e B5       		.byte	-75
 396 016f 30       		.byte	48
 397 0170 B6       		.byte	-74
 398 0171 E0       		.byte	-32
 399 0172 B7       		.byte	-73
ARM GAS  C:\Users\Reza\AppData\Local\Temp\ccChxm1N.s 			page 8


 400 0173 03       		.byte	3
 401 0174 BA       		.byte	-70
 402 0175 08       		.byte	8
 403 0176 BE       		.byte	-66
 404 0177 01       		.byte	1
 405 0178 BF       		.byte	-65
 406 0179 01       		.byte	1
 407 017a C0       		.byte	-64
 408 017b 26       		.byte	38
 409 017c C1       		.byte	-63
 410 017d 04       		.byte	4
 411 017e C5       		.byte	-59
 412 017f 0B       		.byte	11
 413 0180 C6       		.byte	-58
 414 0181 0E       		.byte	14
 415 0182 C7       		.byte	-57
 416 0183 C0       		.byte	-64
 417 0184 C8       		.byte	-56
 418 0185 25       		.byte	37
 419 0186 C9       		.byte	-55
 420 0187 FF       		.byte	-1
 421 0188 CA       		.byte	-54
 422 0189 FF       		.byte	-1
 423 018a CB       		.byte	-53
 424 018b FF       		.byte	-1
 425 018c CE       		.byte	-50
 426 018d F0       		.byte	-16
 427 018e CF       		.byte	-49
 428 018f 44       		.byte	68
 429 0190 D0       		.byte	-48
 430 0191 0C       		.byte	12
 431 0192 D4       		.byte	-44
 432 0193 01       		.byte	1
 433 0194 D8       		.byte	-40
 434 0195 04       		.byte	4
 435 0196 D9       		.byte	-39
 436 0197 04       		.byte	4
 437 0198 DA       		.byte	-38
 438 0199 04       		.byte	4
 439 019a DB       		.byte	-37
 440 019b 04       		.byte	4
 441 019c DF       		.byte	-33
 442 019d 01       		.byte	1
 443 019e E6       		.byte	-26
 444 019f C0       		.byte	-64
 445 01a0 EA       		.byte	-22
 446 01a1 40       		.byte	64
 447 01a2 EB       		.byte	-21
 448 01a3 02       		.byte	2
 449 01a4 02       		.byte	2
 450 01a5 04       		.byte	4
 451 01a6 05       		.byte	5
 452 01a7 05       		.byte	5
 453 01a8 06       		.byte	6
 454 01a9 02       		.byte	2
 455 01aa 07       		.byte	7
 456 01ab 04       		.byte	4
ARM GAS  C:\Users\Reza\AppData\Local\Temp\ccChxm1N.s 			page 9


 457 01ac 08       		.byte	8
 458 01ad 80       		.byte	-128
 459 01ae 0A       		.byte	10
 460 01af 24       		.byte	36
 461 01b0 0B       		.byte	11
 462 01b1 40       		.byte	64
 463 01b2 0C       		.byte	12
 464 01b3 20       		.byte	32
 465 01b4 0D       		.byte	13
 466 01b5 88       		.byte	-120
 467 01b6 0F       		.byte	15
 468 01b7 44       		.byte	68
 469 01b8 10       		.byte	16
 470 01b9 80       		.byte	-128
 471 01ba 11       		.byte	17
 472 01bb 04       		.byte	4
 473 01bc 13       		.byte	19
 474 01bd 10       		.byte	16
 475 01be 15       		.byte	21
 476 01bf 14       		.byte	20
 477 01c0 16       		.byte	22
 478 01c1 01       		.byte	1
 479 01c2 19       		.byte	25
 480 01c3 01       		.byte	1
 481 01c4 1A       		.byte	26
 482 01c5 04       		.byte	4
 483 01c6 1B       		.byte	27
 484 01c7 20       		.byte	32
 485 01c8 1C       		.byte	28
 486 01c9 40       		.byte	64
 487 01ca 1D       		.byte	29
 488 01cb 84       		.byte	-124
 489 01cc 1F       		.byte	31
 490 01cd 80       		.byte	-128
 491 01ce 20       		.byte	32
 492 01cf 04       		.byte	4
 493 01d0 21       		.byte	33
 494 01d1 08       		.byte	8
 495 01d2 23       		.byte	35
 496 01d3 50       		.byte	80
 497 01d4 25       		.byte	37
 498 01d5 04       		.byte	4
 499 01d6 26       		.byte	38
 500 01d7 20       		.byte	32
 501 01d8 27       		.byte	39
 502 01d9 45       		.byte	69
 503 01da 28       		.byte	40
 504 01db 80       		.byte	-128
 505 01dc 29       		.byte	41
 506 01dd 05       		.byte	5
 507 01de 2A       		.byte	42
 508 01df 04       		.byte	4
 509 01e0 2D       		.byte	45
 510 01e1 09       		.byte	9
 511 01e2 2E       		.byte	46
 512 01e3 40       		.byte	64
 513 01e4 2F       		.byte	47
ARM GAS  C:\Users\Reza\AppData\Local\Temp\ccChxm1N.s 			page 10


 514 01e5 84       		.byte	-124
 515 01e6 30       		.byte	48
 516 01e7 80       		.byte	-128
 517 01e8 31       		.byte	49
 518 01e9 08       		.byte	8
 519 01ea 34       		.byte	52
 520 01eb 10       		.byte	16
 521 01ec 36       		.byte	54
 522 01ed 28       		.byte	40
 523 01ee 38       		.byte	56
 524 01ef 08       		.byte	8
 525 01f0 39       		.byte	57
 526 01f1 04       		.byte	4
 527 01f2 3B       		.byte	59
 528 01f3 40       		.byte	64
 529 01f4 3D       		.byte	61
 530 01f5 10       		.byte	16
 531 01f6 3E       		.byte	62
 532 01f7 02       		.byte	2
 533 01f8 3F       		.byte	63
 534 01f9 84       		.byte	-124
 535 01fa 40       		.byte	64
 536 01fb 04       		.byte	4
 537 01fc 44       		.byte	68
 538 01fd 80       		.byte	-128
 539 01fe 46       		.byte	70
 540 01ff 04       		.byte	4
 541 0200 48       		.byte	72
 542 0201 80       		.byte	-128
 543 0202 4C       		.byte	76
 544 0203 04       		.byte	4
 545 0204 4E       		.byte	78
 546 0205 10       		.byte	16
 547 0206 50       		.byte	80
 548 0207 04       		.byte	4
 549 0208 55       		.byte	85
 550 0209 01       		.byte	1
 551 020a 56       		.byte	86
 552 020b 41       		.byte	65
 553 020c 5C       		.byte	92
 554 020d 41       		.byte	65
 555 020e 5D       		.byte	93
 556 020f 20       		.byte	32
 557 0210 5F       		.byte	95
 558 0211 08       		.byte	8
 559 0212 60       		.byte	96
 560 0213 01       		.byte	1
 561 0214 62       		.byte	98
 562 0215 40       		.byte	64
 563 0216 8A       		.byte	-118
 564 0217 02       		.byte	2
 565 0218 8B       		.byte	-117
 566 0219 48       		.byte	72
 567 021a 8D       		.byte	-115
 568 021b 21       		.byte	33
 569 021c 91       		.byte	-111
 570 021d 10       		.byte	16
ARM GAS  C:\Users\Reza\AppData\Local\Temp\ccChxm1N.s 			page 11


 571 021e 92       		.byte	-110
 572 021f 40       		.byte	64
 573 0220 93       		.byte	-109
 574 0221 88       		.byte	-120
 575 0222 95       		.byte	-107
 576 0223 01       		.byte	1
 577 0224 99       		.byte	-103
 578 0225 08       		.byte	8
 579 0226 9C       		.byte	-100
 580 0227 10       		.byte	16
 581 0228 9E       		.byte	-98
 582 0229 42       		.byte	66
 583 022a 9F       		.byte	-97
 584 022b 41       		.byte	65
 585 022c A0       		.byte	-96
 586 022d 20       		.byte	32
 587 022e A2       		.byte	-94
 588 022f 08       		.byte	8
 589 0230 A3       		.byte	-93
 590 0231 40       		.byte	64
 591 0232 A5       		.byte	-91
 592 0233 04       		.byte	4
 593 0234 A7       		.byte	-89
 594 0235 20       		.byte	32
 595 0236 AF       		.byte	-81
 596 0237 40       		.byte	64
 597 0238 C0       		.byte	-64
 598 0239 F2       		.byte	-14
 599 023a C2       		.byte	-62
 600 023b FF       		.byte	-1
 601 023c C4       		.byte	-60
 602 023d EE       		.byte	-18
 603 023e CA       		.byte	-54
 604 023f F3       		.byte	-13
 605 0240 CC       		.byte	-52
 606 0241 6A       		.byte	106
 607 0242 CE       		.byte	-50
 608 0243 FA       		.byte	-6
 609 0244 D0       		.byte	-48
 610 0245 A4       		.byte	-92
 611 0246 D2       		.byte	-46
 612 0247 20       		.byte	32
 613 0248 D6       		.byte	-42
 614 0249 F0       		.byte	-16
 615 024a EC       		.byte	-20
 616 024b 02       		.byte	2
 617 024c 08       		.byte	8
 618 024d 10       		.byte	16
 619 024e 61       		.byte	97
 620 024f 01       		.byte	1
 621 0250 C2       		.byte	-62
 622 0251 02       		.byte	2
 623 0252 D8       		.byte	-40
 624 0253 02       		.byte	2
 625 0254 10       		.byte	16
 626 0255 40       		.byte	64
 627 0256 19       		.byte	25
ARM GAS  C:\Users\Reza\AppData\Local\Temp\ccChxm1N.s 			page 12


 628 0257 01       		.byte	1
 629 0258 74       		.byte	116
 630 0259 04       		.byte	4
 631 025a 78       		.byte	120
 632 025b 10       		.byte	16
 633 025c 88       		.byte	-120
 634 025d 40       		.byte	64
 635 025e 98       		.byte	-104
 636 025f 10       		.byte	16
 637 0260 9D       		.byte	-99
 638 0261 01       		.byte	1
 639 0262 A0       		.byte	-96
 640 0263 04       		.byte	4
 641 0264 AC       		.byte	-84
 642 0265 04       		.byte	4
 643 0266 C4       		.byte	-60
 644 0267 08       		.byte	8
 645 0268 C6       		.byte	-58
 646 0269 08       		.byte	8
 647 026a DE       		.byte	-34
 648 026b 06       		.byte	6
 649 026c E2       		.byte	-30
 650 026d 01       		.byte	1
 651 026e 10       		.byte	16
 652 026f 01       		.byte	1
 653 0270 1C       		.byte	28
 654 0271 01       		.byte	1
 655 0272 00       		.byte	0
 656 0273 00       		.byte	0
 657 0274 80       		.byte	-128
 658 0275 80       		.byte	-128
 659 0276 00       		.byte	0
 660 0277 00       		.byte	0
 661 0278 40       		.byte	64
 662 0279 00       		.byte	0
 663 027a 00       		.byte	0
 664 027b 00       		.byte	0
 665 027c 40       		.byte	64
 666 027d 00       		.byte	0
 667 027e 00       		.byte	0
 668 027f 00       		.byte	0
 669 0280 1C       		.byte	28
 670 0281 00       		.byte	0
 671 0282 23       		.byte	35
 672 0283 04       		.byte	4
 673 0284 3F       		.byte	63
 674 0285 18       		.byte	24
 675 0286 00       		.byte	0
 676 0287 00       		.byte	0
 677 0288 08       		.byte	8
 678 0289 1C       		.byte	28
 679 028a 00       		.byte	0
 680 028b 61       		.byte	97
 681 028c 1F       		.byte	31
 682 028d 00       		.byte	0
 683 028e 20       		.byte	32
 684 028f 23       		.byte	35
ARM GAS  C:\Users\Reza\AppData\Local\Temp\ccChxm1N.s 			page 13


 685 0290 33       		.byte	51
 686 0291 7F       		.byte	127
 687 0292 0C       		.byte	12
 688 0293 00       		.byte	0
 689 0294 02       		.byte	2
 690 0295 3C       		.byte	60
 691 0296 00       		.byte	0
 692 0297 42       		.byte	66
 693 0298 00       		.byte	0
 694 0299 10       		.byte	16
 695 029a 23       		.byte	35
 696 029b 00       		.byte	0
 697 029c 03       		.byte	3
 698 029d 04       		.byte	4
 699 029e 00       		.byte	0
 700 029f 00       		.byte	0
 701 02a0 04       		.byte	4
 702 02a1 08       		.byte	8
 703 02a2 00       		.byte	0
 704 02a3 00       		.byte	0
 705 02a4 0C       		.byte	12
 706 02a5 67       		.byte	103
 707 02a6 00       		.byte	0
 708 02a7 18       		.byte	24
 709 02a8 01       		.byte	1
 710 02a9 00       		.byte	0
 711 02aa 00       		.byte	0
 712 02ab 00       		.byte	0
 713 02ac 2C       		.byte	44
 714 02ad 40       		.byte	64
 715 02ae 0F       		.byte	15
 716 02af 1F       		.byte	31
 717 02b0 10       		.byte	16
 718 02b1 38       		.byte	56
 719 02b2 40       		.byte	64
 720 02b3 00       		.byte	0
 721 02b4 00       		.byte	0
 722 02b5 02       		.byte	2
 723 02b6 0A       		.byte	10
 724 02b7 08       		.byte	8
 725 02b8 00       		.byte	0
 726 02b9 00       		.byte	0
 727 02ba 50       		.byte	80
 728 02bb 00       		.byte	0
 729 02bc 65       		.byte	101
 730 02bd 03       		.byte	3
 731 02be 02       		.byte	2
 732 02bf 00       		.byte	0
 733 02c0 01       		.byte	1
 734 02c1 0C       		.byte	12
 735 02c2 00       		.byte	0
 736 02c3 0E       		.byte	14
 737 02c4 11       		.byte	17
 738 02c5 FF       		.byte	-1
 739 02c6 FF       		.byte	-1
 740 02c7 FF       		.byte	-1
 741 02c8 62       		.byte	98
ARM GAS  C:\Users\Reza\AppData\Local\Temp\ccChxm1N.s 			page 14


 742 02c9 A0       		.byte	-96
 743 02ca F0       		.byte	-16
 744 02cb 41       		.byte	65
 745 02cc 0C       		.byte	12
 746 02cd 00       		.byte	0
 747 02ce 00       		.byte	0
 748 02cf 00       		.byte	0
 749 02d0 00       		.byte	0
 750 02d1 00       		.byte	0
 751 02d2 02       		.byte	2
 752 02d3 12       		.byte	18
 753 02d4 04       		.byte	4
 754 02d5 04       		.byte	4
 755 02d6 04       		.byte	4
 756 02d7 04       		.byte	4
 757 02d8 00       		.byte	0
 758 02d9 00       		.byte	0
 759 02da 00       		.byte	0
 760 02db 01       		.byte	1
 761 02dc 00       		.byte	0
 762 02dd 00       		.byte	0
 763 02de 00       		.byte	0
 764 02df 00       		.byte	0
 765 02e0 00       		.byte	0
 766 02e1 00       		.byte	0
 767 02e2 40       		.byte	64
 768 02e3 02       		.byte	2
 769 02e4 00       		.byte	0
 770 02e5 10       		.byte	16
 771 02e6 30       		.byte	48
 772 02e7 10       		.byte	16
 773 02e8 00       		.byte	0
 774 02e9 10       		.byte	16
 775 02ea 10       		.byte	16
 776 02eb 12       		.byte	18
 777 02ec 00       		.byte	0
 778 02ed 00       		.byte	0
 779 02ee 00       		.byte	0
 780 02ef 00       		.byte	0
 781 02f0 00       		.byte	0
 782 02f1 00       		.byte	0
 783 02f2 00       		.byte	0
 784 02f3 00       		.byte	0
 785 02f4 00       		.byte	0
 786 02f5 00       		.byte	0
 787 02f6 00       		.byte	0
 788 02f7 00       		.byte	0
 789 02f8 00       		.byte	0
 790 02f9 00       		.byte	0
 791 02fa 00       		.byte	0
 792 02fb 00       		.byte	0
 793 02fc 00       		.byte	0
 794 02fd 40       		.byte	64
 795 02fe 40       		.byte	64
 796 02ff 00       		.byte	0
 797 0300 00       		.byte	0
 798 0301 00       		.byte	0
ARM GAS  C:\Users\Reza\AppData\Local\Temp\ccChxm1N.s 			page 15


 799 0302 00       		.byte	0
 800 0303 00       		.byte	0
 801 0304 80       		.byte	-128
 802 0305 00       		.byte	0
 803 0306 40       		.byte	64
 804 0307 80       		.byte	-128
 805 0308 80       		.byte	-128
 806 0309 00       		.byte	0
 807 030a 80       		.byte	-128
 808 030b 00       		.byte	0
 809 030c 00       		.byte	0
 810 030d 00       		.byte	0
 811 030e 00       		.byte	0
 812 030f 00       		.byte	0
 813 0310 40       		.byte	64
 814 0311 8B       		.byte	-117
 815 0312 8B       		.byte	-117
 816 0313 00       		.byte	0
 817 0314 80       		.byte	-128
 818 0315 00       		.byte	0
 819 0316 00       		.byte	0
 820 0317 00       		.byte	0
 821              		.section	.cywolatch,"a",%progbits
 822              		.align	2
 823              		.type	cy_meta_wonvl, %object
 824              		.size	cy_meta_wonvl, 4
 825              	cy_meta_wonvl:
 826 0000 BC       		.byte	-68
 827 0001 90       		.byte	-112
 828 0002 AC       		.byte	-84
 829 0003 AF       		.byte	-81
 830              		.section	.cycustnvl,"a",%progbits
 831              		.align	2
 832              		.type	cy_meta_custnvl, %object
 833              		.size	cy_meta_custnvl, 4
 834              	cy_meta_custnvl:
 835 0000 00       		.byte	0
 836 0001 00       		.byte	0
 837 0002 40       		.byte	64
 838 0003 05       		.byte	5
 839              		.section	.cymeta,"a",%progbits
 840              		.align	2
 841              		.type	cy_metadata, %object
 842              		.size	cy_metadata, 12
 843              	cy_metadata:
 844 0000 00       		.byte	0
 845 0001 01       		.byte	1
 846 0002 2E       		.byte	46
 847 0003 16       		.byte	22
 848 0004 10       		.byte	16
 849 0005 69       		.byte	105
 850 0006 00       		.byte	0
 851 0007 01       		.byte	1
 852 0008 00       		.byte	0
 853 0009 00       		.byte	0
 854 000a 00       		.byte	0
 855 000b 00       		.byte	0
ARM GAS  C:\Users\Reza\AppData\Local\Temp\ccChxm1N.s 			page 16


 856              		.section	.cyflashprotect,"a",%progbits
 857              		.align	2
 858              		.type	cy_meta_flashprotect, %object
 859              		.size	cy_meta_flashprotect, 256
 860              	cy_meta_flashprotect:
 861 0000 00000000 		.space	256
 861      00000000 
 861      00000000 
 861      00000000 
 861      00000000 
 862              		.text
 863              	.Letext0:
 864              		.file 1 "c:\\program files (x86)\\cypress\\psoc creator\\4.2\\psoc creator\\import\\gnu\\arm\\5.4.
 865              		.file 2 "c:\\program files (x86)\\cypress\\psoc creator\\4.2\\psoc creator\\import\\gnu\\arm\\5.4.
 866              		.file 3 "Generated_Source\\PSoC5\\cymetadata.c"
 867              		.section	.debug_info,"",%progbits
 868              	.Ldebug_info0:
 869 0000 31010000 		.4byte	0x131
 870 0004 0400     		.2byte	0x4
 871 0006 00000000 		.4byte	.Ldebug_abbrev0
 872 000a 04       		.byte	0x4
 873 000b 01       		.uleb128 0x1
 874 000c 24000000 		.4byte	.LASF17
 875 0010 0C       		.byte	0xc
 876 0011 D0010000 		.4byte	.LASF18
 877 0015 F9000000 		.4byte	.LASF19
 878 0019 00000000 		.4byte	.Ldebug_line0
 879 001d 02       		.uleb128 0x2
 880 001e 01       		.byte	0x1
 881 001f 06       		.byte	0x6
 882 0020 C4010000 		.4byte	.LASF0
 883 0024 03       		.uleb128 0x3
 884 0025 00000000 		.4byte	.LASF9
 885 0029 01       		.byte	0x1
 886 002a 1D       		.byte	0x1d
 887 002b 2F000000 		.4byte	0x2f
 888 002f 02       		.uleb128 0x2
 889 0030 01       		.byte	0x1
 890 0031 08       		.byte	0x8
 891 0032 16000000 		.4byte	.LASF1
 892 0036 02       		.uleb128 0x2
 893 0037 02       		.byte	0x2
 894 0038 05       		.byte	0x5
 895 0039 B1010000 		.4byte	.LASF2
 896 003d 02       		.uleb128 0x2
 897 003e 02       		.byte	0x2
 898 003f 07       		.byte	0x7
 899 0040 C4000000 		.4byte	.LASF3
 900 0044 02       		.uleb128 0x2
 901 0045 04       		.byte	0x4
 902 0046 05       		.byte	0x5
 903 0047 BB010000 		.4byte	.LASF4
 904 004b 02       		.uleb128 0x2
 905 004c 04       		.byte	0x4
 906 004d 07       		.byte	0x7
 907 004e B2000000 		.4byte	.LASF5
 908 0052 02       		.uleb128 0x2
ARM GAS  C:\Users\Reza\AppData\Local\Temp\ccChxm1N.s 			page 17


 909 0053 08       		.byte	0x8
 910 0054 05       		.byte	0x5
 911 0055 A3010000 		.4byte	.LASF6
 912 0059 02       		.uleb128 0x2
 913 005a 08       		.byte	0x8
 914 005b 07       		.byte	0x7
 915 005c 58010000 		.4byte	.LASF7
 916 0060 04       		.uleb128 0x4
 917 0061 04       		.byte	0x4
 918 0062 05       		.byte	0x5
 919 0063 696E7400 		.ascii	"int\000"
 920 0067 02       		.uleb128 0x2
 921 0068 04       		.byte	0x4
 922 0069 07       		.byte	0x7
 923 006a 4B010000 		.4byte	.LASF8
 924 006e 03       		.uleb128 0x3
 925 006f 6F010000 		.4byte	.LASF10
 926 0073 02       		.byte	0x2
 927 0074 18       		.byte	0x18
 928 0075 24000000 		.4byte	0x24
 929 0079 05       		.uleb128 0x5
 930 007a 91000000 		.4byte	0x91
 931 007e 8A000000 		.4byte	0x8a
 932 0082 06       		.uleb128 0x6
 933 0083 8A000000 		.4byte	0x8a
 934 0087 1703     		.2byte	0x317
 935 0089 00       		.byte	0
 936 008a 02       		.uleb128 0x2
 937 008b 04       		.byte	0x4
 938 008c 07       		.byte	0x7
 939 008d 9A010000 		.4byte	.LASF11
 940 0091 07       		.uleb128 0x7
 941 0092 6E000000 		.4byte	0x6e
 942 0096 08       		.uleb128 0x8
 943 0097 E7000000 		.4byte	.LASF12
 944 009b 03       		.byte	0x3
 945 009c 1F       		.byte	0x1f
 946 009d A7000000 		.4byte	0xa7
 947 00a1 05       		.uleb128 0x5
 948 00a2 03       		.byte	0x3
 949 00a3 00000000 		.4byte	cy_meta_configecc
 950 00a7 07       		.uleb128 0x7
 951 00a8 79000000 		.4byte	0x79
 952 00ac 05       		.uleb128 0x5
 953 00ad 91000000 		.4byte	0x91
 954 00b1 BC000000 		.4byte	0xbc
 955 00b5 09       		.uleb128 0x9
 956 00b6 8A000000 		.4byte	0x8a
 957 00ba 03       		.byte	0x3
 958 00bb 00       		.byte	0
 959 00bc 08       		.uleb128 0x8
 960 00bd D7000000 		.4byte	.LASF13
 961 00c1 03       		.byte	0x3
 962 00c2 8F       		.byte	0x8f
 963 00c3 CD000000 		.4byte	0xcd
 964 00c7 05       		.uleb128 0x5
 965 00c8 03       		.byte	0x3
ARM GAS  C:\Users\Reza\AppData\Local\Temp\ccChxm1N.s 			page 18


 966 00c9 00000000 		.4byte	cy_meta_custnvl
 967 00cd 07       		.uleb128 0x7
 968 00ce AC000000 		.4byte	0xac
 969 00d2 08       		.uleb128 0x8
 970 00d3 8C010000 		.4byte	.LASF14
 971 00d7 03       		.byte	0x3
 972 00d8 9D       		.byte	0x9d
 973 00d9 E3000000 		.4byte	0xe3
 974 00dd 05       		.uleb128 0x5
 975 00de 03       		.byte	0x3
 976 00df 00000000 		.4byte	cy_meta_wonvl
 977 00e3 07       		.uleb128 0x7
 978 00e4 AC000000 		.4byte	0xac
 979 00e8 05       		.uleb128 0x5
 980 00e9 91000000 		.4byte	0x91
 981 00ed F8000000 		.4byte	0xf8
 982 00f1 09       		.uleb128 0x9
 983 00f2 8A000000 		.4byte	0x8a
 984 00f6 FF       		.byte	0xff
 985 00f7 00       		.byte	0
 986 00f8 08       		.uleb128 0x8
 987 00f9 77010000 		.4byte	.LASF15
 988 00fd 03       		.byte	0x3
 989 00fe AB       		.byte	0xab
 990 00ff 09010000 		.4byte	0x109
 991 0103 05       		.uleb128 0x5
 992 0104 03       		.byte	0x3
 993 0105 00000000 		.4byte	cy_meta_flashprotect
 994 0109 07       		.uleb128 0x7
 995 010a E8000000 		.4byte	0xe8
 996 010e 05       		.uleb128 0x5
 997 010f 91000000 		.4byte	0x91
 998 0113 1E010000 		.4byte	0x11e
 999 0117 09       		.uleb128 0x9
 1000 0118 8A000000 		.4byte	0x8a
 1001 011c 0B       		.byte	0xb
 1002 011d 00       		.byte	0
 1003 011e 08       		.uleb128 0x8
 1004 011f 0A000000 		.4byte	.LASF16
 1005 0123 03       		.byte	0x3
 1006 0124 D8       		.byte	0xd8
 1007 0125 2F010000 		.4byte	0x12f
 1008 0129 05       		.uleb128 0x5
 1009 012a 03       		.byte	0x3
 1010 012b 00000000 		.4byte	cy_metadata
 1011 012f 07       		.uleb128 0x7
 1012 0130 0E010000 		.4byte	0x10e
 1013 0134 00       		.byte	0
 1014              		.section	.debug_abbrev,"",%progbits
 1015              	.Ldebug_abbrev0:
 1016 0000 01       		.uleb128 0x1
 1017 0001 11       		.uleb128 0x11
 1018 0002 01       		.byte	0x1
 1019 0003 25       		.uleb128 0x25
 1020 0004 0E       		.uleb128 0xe
 1021 0005 13       		.uleb128 0x13
 1022 0006 0B       		.uleb128 0xb
ARM GAS  C:\Users\Reza\AppData\Local\Temp\ccChxm1N.s 			page 19


 1023 0007 03       		.uleb128 0x3
 1024 0008 0E       		.uleb128 0xe
 1025 0009 1B       		.uleb128 0x1b
 1026 000a 0E       		.uleb128 0xe
 1027 000b 10       		.uleb128 0x10
 1028 000c 17       		.uleb128 0x17
 1029 000d 00       		.byte	0
 1030 000e 00       		.byte	0
 1031 000f 02       		.uleb128 0x2
 1032 0010 24       		.uleb128 0x24
 1033 0011 00       		.byte	0
 1034 0012 0B       		.uleb128 0xb
 1035 0013 0B       		.uleb128 0xb
 1036 0014 3E       		.uleb128 0x3e
 1037 0015 0B       		.uleb128 0xb
 1038 0016 03       		.uleb128 0x3
 1039 0017 0E       		.uleb128 0xe
 1040 0018 00       		.byte	0
 1041 0019 00       		.byte	0
 1042 001a 03       		.uleb128 0x3
 1043 001b 16       		.uleb128 0x16
 1044 001c 00       		.byte	0
 1045 001d 03       		.uleb128 0x3
 1046 001e 0E       		.uleb128 0xe
 1047 001f 3A       		.uleb128 0x3a
 1048 0020 0B       		.uleb128 0xb
 1049 0021 3B       		.uleb128 0x3b
 1050 0022 0B       		.uleb128 0xb
 1051 0023 49       		.uleb128 0x49
 1052 0024 13       		.uleb128 0x13
 1053 0025 00       		.byte	0
 1054 0026 00       		.byte	0
 1055 0027 04       		.uleb128 0x4
 1056 0028 24       		.uleb128 0x24
 1057 0029 00       		.byte	0
 1058 002a 0B       		.uleb128 0xb
 1059 002b 0B       		.uleb128 0xb
 1060 002c 3E       		.uleb128 0x3e
 1061 002d 0B       		.uleb128 0xb
 1062 002e 03       		.uleb128 0x3
 1063 002f 08       		.uleb128 0x8
 1064 0030 00       		.byte	0
 1065 0031 00       		.byte	0
 1066 0032 05       		.uleb128 0x5
 1067 0033 01       		.uleb128 0x1
 1068 0034 01       		.byte	0x1
 1069 0035 49       		.uleb128 0x49
 1070 0036 13       		.uleb128 0x13
 1071 0037 01       		.uleb128 0x1
 1072 0038 13       		.uleb128 0x13
 1073 0039 00       		.byte	0
 1074 003a 00       		.byte	0
 1075 003b 06       		.uleb128 0x6
 1076 003c 21       		.uleb128 0x21
 1077 003d 00       		.byte	0
 1078 003e 49       		.uleb128 0x49
 1079 003f 13       		.uleb128 0x13
ARM GAS  C:\Users\Reza\AppData\Local\Temp\ccChxm1N.s 			page 20


 1080 0040 2F       		.uleb128 0x2f
 1081 0041 05       		.uleb128 0x5
 1082 0042 00       		.byte	0
 1083 0043 00       		.byte	0
 1084 0044 07       		.uleb128 0x7
 1085 0045 26       		.uleb128 0x26
 1086 0046 00       		.byte	0
 1087 0047 49       		.uleb128 0x49
 1088 0048 13       		.uleb128 0x13
 1089 0049 00       		.byte	0
 1090 004a 00       		.byte	0
 1091 004b 08       		.uleb128 0x8
 1092 004c 34       		.uleb128 0x34
 1093 004d 00       		.byte	0
 1094 004e 03       		.uleb128 0x3
 1095 004f 0E       		.uleb128 0xe
 1096 0050 3A       		.uleb128 0x3a
 1097 0051 0B       		.uleb128 0xb
 1098 0052 3B       		.uleb128 0x3b
 1099 0053 0B       		.uleb128 0xb
 1100 0054 49       		.uleb128 0x49
 1101 0055 13       		.uleb128 0x13
 1102 0056 3F       		.uleb128 0x3f
 1103 0057 19       		.uleb128 0x19
 1104 0058 02       		.uleb128 0x2
 1105 0059 18       		.uleb128 0x18
 1106 005a 00       		.byte	0
 1107 005b 00       		.byte	0
 1108 005c 09       		.uleb128 0x9
 1109 005d 21       		.uleb128 0x21
 1110 005e 00       		.byte	0
 1111 005f 49       		.uleb128 0x49
 1112 0060 13       		.uleb128 0x13
 1113 0061 2F       		.uleb128 0x2f
 1114 0062 0B       		.uleb128 0xb
 1115 0063 00       		.byte	0
 1116 0064 00       		.byte	0
 1117 0065 00       		.byte	0
 1118              		.section	.debug_aranges,"",%progbits
 1119 0000 14000000 		.4byte	0x14
 1120 0004 0200     		.2byte	0x2
 1121 0006 00000000 		.4byte	.Ldebug_info0
 1122 000a 04       		.byte	0x4
 1123 000b 00       		.byte	0
 1124 000c 0000     		.2byte	0
 1125 000e 0000     		.2byte	0
 1126 0010 00000000 		.4byte	0
 1127 0014 00000000 		.4byte	0
 1128              		.section	.debug_line,"",%progbits
 1129              	.Ldebug_line0:
 1130 0000 3D010000 		.section	.debug_str,"MS",%progbits,1
 1130      02003701 
 1130      00000201 
 1130      FB0E0D00 
 1130      01010101 
 1131              	.LASF9:
 1132 0000 5F5F7569 		.ascii	"__uint8_t\000"
ARM GAS  C:\Users\Reza\AppData\Local\Temp\ccChxm1N.s 			page 21


 1132      6E74385F 
 1132      7400
 1133              	.LASF16:
 1134 000a 63795F6D 		.ascii	"cy_metadata\000"
 1134      65746164 
 1134      61746100 
 1135              	.LASF1:
 1136 0016 756E7369 		.ascii	"unsigned char\000"
 1136      676E6564 
 1136      20636861 
 1136      7200
 1137              	.LASF17:
 1138 0024 474E5520 		.ascii	"GNU C11 5.4.1 20160609 (release) [ARM/embedded-5-br"
 1138      43313120 
 1138      352E342E 
 1138      31203230 
 1138      31363036 
 1139 0057 616E6368 		.ascii	"anch revision 237715] -mcpu=cortex-m3 -mthumb -g -O"
 1139      20726576 
 1139      6973696F 
 1139      6E203233 
 1139      37373135 
 1140 008a 67202D66 		.ascii	"g -ffunction-sections -ffat-lto-objects\000"
 1140      66756E63 
 1140      74696F6E 
 1140      2D736563 
 1140      74696F6E 
 1141              	.LASF5:
 1142 00b2 6C6F6E67 		.ascii	"long unsigned int\000"
 1142      20756E73 
 1142      69676E65 
 1142      6420696E 
 1142      7400
 1143              	.LASF3:
 1144 00c4 73686F72 		.ascii	"short unsigned int\000"
 1144      7420756E 
 1144      7369676E 
 1144      65642069 
 1144      6E7400
 1145              	.LASF13:
 1146 00d7 63795F6D 		.ascii	"cy_meta_custnvl\000"
 1146      6574615F 
 1146      63757374 
 1146      6E766C00 
 1147              	.LASF12:
 1148 00e7 63795F6D 		.ascii	"cy_meta_configecc\000"
 1148      6574615F 
 1148      636F6E66 
 1148      69676563 
 1148      6300
 1149              	.LASF19:
 1150 00f9 433A5C55 		.ascii	"C:\\Users\\Reza\\Documents\\PSoC Creator\\Design_Ta"
 1150      73657273 
 1150      5C52657A 
 1150      615C446F 
 1150      63756D65 
 1151 0127 736B5F53 		.ascii	"sk_SS_2018 - Copy\\Design01_Tx.cydsn\000"
ARM GAS  C:\Users\Reza\AppData\Local\Temp\ccChxm1N.s 			page 22


 1151      535F3230 
 1151      3138202D 
 1151      20436F70 
 1151      795C4465 
 1152              	.LASF8:
 1153 014b 756E7369 		.ascii	"unsigned int\000"
 1153      676E6564 
 1153      20696E74 
 1153      00
 1154              	.LASF7:
 1155 0158 6C6F6E67 		.ascii	"long long unsigned int\000"
 1155      206C6F6E 
 1155      6720756E 
 1155      7369676E 
 1155      65642069 
 1156              	.LASF10:
 1157 016f 75696E74 		.ascii	"uint8_t\000"
 1157      385F7400 
 1158              	.LASF15:
 1159 0177 63795F6D 		.ascii	"cy_meta_flashprotect\000"
 1159      6574615F 
 1159      666C6173 
 1159      6870726F 
 1159      74656374 
 1160              	.LASF14:
 1161 018c 63795F6D 		.ascii	"cy_meta_wonvl\000"
 1161      6574615F 
 1161      776F6E76 
 1161      6C00
 1162              	.LASF11:
 1163 019a 73697A65 		.ascii	"sizetype\000"
 1163      74797065 
 1163      00
 1164              	.LASF6:
 1165 01a3 6C6F6E67 		.ascii	"long long int\000"
 1165      206C6F6E 
 1165      6720696E 
 1165      7400
 1166              	.LASF2:
 1167 01b1 73686F72 		.ascii	"short int\000"
 1167      7420696E 
 1167      7400
 1168              	.LASF4:
 1169 01bb 6C6F6E67 		.ascii	"long int\000"
 1169      20696E74 
 1169      00
 1170              	.LASF0:
 1171 01c4 7369676E 		.ascii	"signed char\000"
 1171      65642063 
 1171      68617200 
 1172              	.LASF18:
 1173 01d0 47656E65 		.ascii	"Generated_Source\\PSoC5\\cymetadata.c\000"
 1173      72617465 
 1173      645F536F 
 1173      75726365 
 1173      5C50536F 
 1174              		.ident	"GCC: (GNU Tools for ARM Embedded Processors) 5.4.1 20160609 (release) [ARM/embedded-5-bran
ARM GAS  C:\Users\Reza\AppData\Local\Temp\ccChxm1N.s 			page 23


